<?xml version="1.0" encoding="UTF-8"?>
<coverage generated="1747648434130" clover="3.2.0">
  <project timestamp="1747648434130" name="All files">
    <metrics statements="246" coveredstatements="196" conditionals="175" coveredconditionals="139" methods="82" coveredmethods="58" elements="503" coveredelements="393" complexity="0" loc="246" ncloc="246" packages="15" files="36" classes="36"/>
    <package name="components">
      <metrics statements="0" coveredstatements="0" conditionals="0" coveredconditionals="0" methods="0" coveredmethods="0"/>
      <file name="index.ts" path="C:\Users\AliM78\Desktop\React Projects\Blog_Dashboard_TS\src\components\index.ts">
        <metrics statements="0" coveredstatements="0" conditionals="0" coveredconditionals="0" methods="0" coveredmethods="0"/>
      </file>
    </package>
    <package name="components.AuthForm">
      <metrics statements="21" coveredstatements="21" conditionals="43" coveredconditionals="37" methods="2" coveredmethods="2"/>
      <file name="AuthForm.tsx" path="C:\Users\AliM78\Desktop\React Projects\Blog_Dashboard_TS\src\components\AuthForm\AuthForm.tsx">
        <metrics statements="21" coveredstatements="21" conditionals="43" coveredconditionals="37" methods="2" coveredmethods="2"/>
        <line num="25" count="5" type="stmt"/>
        <line num="30" count="12" type="stmt"/>
        <line num="36" count="12" type="stmt"/>
        <line num="37" count="12" type="stmt"/>
        <line num="45" count="12" type="stmt"/>
        <line num="53" count="12" type="stmt"/>
        <line num="61" count="12" type="stmt"/>
        <line num="69" count="12" type="stmt"/>
        <line num="70" count="5" type="stmt"/>
        <line num="71" count="5" type="stmt"/>
        <line num="72" count="5" type="stmt"/>
        <line num="75" count="5" type="cond" truecount="2" falsecount="0"/>
        <line num="76" count="3" type="stmt"/>
        <line num="78" count="2" type="stmt"/>
        <line num="81" count="5" type="cond" truecount="2" falsecount="0"/>
        <line num="82" count="2" type="stmt"/>
        <line num="83" count="2" type="cond" truecount="2" falsecount="0"/>
        <line num="84" count="1" type="stmt"/>
        <line num="86" count="1" type="stmt"/>
        <line num="89" count="3" type="stmt"/>
        <line num="93" count="12" type="stmt"/>
      </file>
      <file name="index.ts" path="C:\Users\AliM78\Desktop\React Projects\Blog_Dashboard_TS\src\components\AuthForm\index.ts">
        <metrics statements="0" coveredstatements="0" conditionals="0" coveredconditionals="0" methods="0" coveredmethods="0"/>
      </file>
    </package>
    <package name="components.ErrorBlock">
      <metrics statements="2" coveredstatements="2" conditionals="0" coveredconditionals="0" methods="1" coveredmethods="1"/>
      <file name="ErrorBlock.tsx" path="C:\Users\AliM78\Desktop\React Projects\Blog_Dashboard_TS\src\components\ErrorBlock\ErrorBlock.tsx">
        <metrics statements="2" coveredstatements="2" conditionals="0" coveredconditionals="0" methods="1" coveredmethods="1"/>
        <line num="16" count="6" type="stmt"/>
        <line num="17" count="6" type="stmt"/>
      </file>
      <file name="index.ts" path="C:\Users\AliM78\Desktop\React Projects\Blog_Dashboard_TS\src\components\ErrorBlock\index.ts">
        <metrics statements="0" coveredstatements="0" conditionals="0" coveredconditionals="0" methods="0" coveredmethods="0"/>
      </file>
    </package>
    <package name="components.GetStarted">
      <metrics statements="3" coveredstatements="3" conditionals="2" coveredconditionals="2" methods="2" coveredmethods="2"/>
      <file name="GetStarted.tsx" path="C:\Users\AliM78\Desktop\React Projects\Blog_Dashboard_TS\src\components\GetStarted\GetStarted.tsx">
        <metrics statements="3" coveredstatements="3" conditionals="2" coveredconditionals="2" methods="2" coveredmethods="2"/>
        <line num="16" count="5" type="stmt"/>
        <line num="21" count="4" type="stmt"/>
        <line num="23" count="2" type="stmt"/>
      </file>
      <file name="index.ts" path="C:\Users\AliM78\Desktop\React Projects\Blog_Dashboard_TS\src\components\GetStarted\index.ts">
        <metrics statements="0" coveredstatements="0" conditionals="0" coveredconditionals="0" methods="0" coveredmethods="0"/>
      </file>
    </package>
    <package name="components.Input">
      <metrics statements="3" coveredstatements="3" conditionals="4" coveredconditionals="4" methods="1" coveredmethods="1"/>
      <file name="Input.tsx" path="C:\Users\AliM78\Desktop\React Projects\Blog_Dashboard_TS\src\components\Input\Input.tsx">
        <metrics statements="3" coveredstatements="3" conditionals="4" coveredconditionals="4" methods="1" coveredmethods="1"/>
        <line num="20" count="6" type="stmt"/>
        <line num="26" count="47" type="cond" truecount="2" falsecount="0"/>
        <line num="30" count="47" type="stmt"/>
      </file>
      <file name="index.ts" path="C:\Users\AliM78\Desktop\React Projects\Blog_Dashboard_TS\src\components\Input\index.ts">
        <metrics statements="0" coveredstatements="0" conditionals="0" coveredconditionals="0" methods="0" coveredmethods="0"/>
      </file>
    </package>
    <package name="components.LoadingIndicator">
      <metrics statements="2" coveredstatements="2" conditionals="0" coveredconditionals="0" methods="1" coveredmethods="1"/>
      <file name="LoadingIndicator.tsx" path="C:\Users\AliM78\Desktop\React Projects\Blog_Dashboard_TS\src\components\LoadingIndicator\LoadingIndicator.tsx">
        <metrics statements="2" coveredstatements="2" conditionals="0" coveredconditionals="0" methods="1" coveredmethods="1"/>
        <line num="11" count="6" type="stmt"/>
        <line num="12" count="4" type="stmt"/>
      </file>
      <file name="index.ts" path="C:\Users\AliM78\Desktop\React Projects\Blog_Dashboard_TS\src\components\LoadingIndicator\index.ts">
        <metrics statements="0" coveredstatements="0" conditionals="0" coveredconditionals="0" methods="0" coveredmethods="0"/>
      </file>
    </package>
    <package name="components.MainNav">
      <metrics statements="21" coveredstatements="19" conditionals="18" coveredconditionals="13" methods="11" coveredmethods="10"/>
      <file name="MainNav.tsx" path="C:\Users\AliM78\Desktop\React Projects\Blog_Dashboard_TS\src\components\MainNav\MainNav.tsx">
        <metrics statements="21" coveredstatements="19" conditionals="18" coveredconditionals="13" methods="11" coveredmethods="10"/>
        <line num="19" count="5" type="stmt"/>
        <line num="24" count="8" type="stmt"/>
        <line num="30" count="8" type="stmt"/>
        <line num="36" count="8" type="stmt"/>
        <line num="42" count="8" type="stmt"/>
        <line num="48" count="14" type="stmt"/>
        <line num="54" count="8" type="stmt"/>
        <line num="55" count="6" type="stmt"/>
        <line num="64" count="8" type="stmt"/>
        <line num="65" count="0" type="stmt"/>
        <line num="66" count="0" type="stmt"/>
        <line num="75" count="1" type="stmt"/>
        <line num="86" count="1" type="stmt"/>
        <line num="87" count="1" type="stmt"/>
        <line num="90" count="8" type="cond" truecount="2" falsecount="0"/>
        <line num="91" count="1" type="stmt"/>
        <line num="101" count="7" type="stmt"/>
        <line num="116" count="6" type="cond" truecount="1" falsecount="1"/>
        <line num="126" count="6" type="cond" truecount="1" falsecount="1"/>
        <line num="136" count="6" type="cond" truecount="1" falsecount="1"/>
        <line num="147" count="3" type="cond" truecount="1" falsecount="1"/>
      </file>
      <file name="index.ts" path="C:\Users\AliM78\Desktop\React Projects\Blog_Dashboard_TS\src\components\MainNav\index.ts">
        <metrics statements="0" coveredstatements="0" conditionals="0" coveredconditionals="0" methods="0" coveredmethods="0"/>
      </file>
    </package>
    <package name="components.PostForm">
      <metrics statements="25" coveredstatements="24" conditionals="41" coveredconditionals="32" methods="5" coveredmethods="4"/>
      <file name="PostForm.tsx" path="C:\Users\AliM78\Desktop\React Projects\Blog_Dashboard_TS\src\components\PostForm\PostForm.tsx">
        <metrics statements="25" coveredstatements="24" conditionals="41" coveredconditionals="32" methods="5" coveredmethods="4"/>
        <line num="19" count="5" type="stmt"/>
        <line num="27" count="9" type="stmt"/>
        <line num="33" count="14" type="stmt"/>
        <line num="34" count="9" type="stmt"/>
        <line num="40" count="9" type="stmt"/>
        <line num="41" count="9" type="stmt"/>
        <line num="47" count="9" type="stmt"/>
        <line num="53" count="9" type="stmt"/>
        <line num="54" count="9" type="stmt"/>
        <line num="60" count="9" type="stmt"/>
        <line num="66" count="9" type="stmt"/>
        <line num="79" count="4" type="stmt"/>
        <line num="80" count="4" type="stmt"/>
        <line num="81" count="4" type="stmt"/>
        <line num="82" count="4" type="stmt"/>
        <line num="83" count="4" type="cond" truecount="2" falsecount="0"/>
        <line num="84" count="2" type="stmt"/>
        <line num="85" count="2" type="cond" truecount="4" falsecount="0"/>
        <line num="86" count="1" type="stmt"/>
        <line num="87" count="1" type="cond" truecount="3" falsecount="1"/>
        <line num="88" count="1" type="stmt"/>
        <line num="91" count="2" type="stmt"/>
        <line num="101" count="0" type="stmt"/>
        <line num="104" count="9" type="stmt"/>
        <line num="108" count="4" type="stmt"/>
      </file>
      <file name="index.ts" path="C:\Users\AliM78\Desktop\React Projects\Blog_Dashboard_TS\src\components\PostForm\index.ts">
        <metrics statements="0" coveredstatements="0" conditionals="0" coveredconditionals="0" methods="0" coveredmethods="0"/>
      </file>
    </package>
    <package name="components.PostsList">
      <metrics statements="11" coveredstatements="11" conditionals="11" coveredconditionals="10" methods="6" coveredmethods="6"/>
      <file name="PostsList.tsx" path="C:\Users\AliM78\Desktop\React Projects\Blog_Dashboard_TS\src\components\PostsList\PostsList.tsx">
        <metrics statements="11" coveredstatements="11" conditionals="11" coveredconditionals="10" methods="6" coveredmethods="6"/>
        <line num="17" count="6" type="stmt"/>
        <line num="25" count="8" type="stmt"/>
        <line num="26" count="8" type="stmt"/>
        <line num="34" count="4" type="stmt"/>
        <line num="43" count="1" type="stmt"/>
        <line num="44" count="1" type="stmt"/>
        <line num="47" count="1" type="cond" truecount="3" falsecount="1"/>
        <line num="48" count="1" type="stmt"/>
        <line num="52" count="4" type="stmt"/>
        <line num="57" count="3" type="stmt"/>
        <line num="77" count="1" type="stmt"/>
      </file>
      <file name="index.ts" path="C:\Users\AliM78\Desktop\React Projects\Blog_Dashboard_TS\src\components\PostsList\index.ts">
        <metrics statements="0" coveredstatements="0" conditionals="0" coveredconditionals="0" methods="0" coveredmethods="0"/>
      </file>
    </package>
    <package name="components.PostsNav">
      <metrics statements="4" coveredstatements="4" conditionals="4" coveredconditionals="4" methods="3" coveredmethods="3"/>
      <file name="PostsNav.tsx" path="C:\Users\AliM78\Desktop\React Projects\Blog_Dashboard_TS\src\components\PostsNav\PostsNav.tsx">
        <metrics statements="4" coveredstatements="4" conditionals="4" coveredconditionals="4" methods="3" coveredmethods="3"/>
        <line num="13" count="6" type="stmt"/>
        <line num="14" count="6" type="stmt"/>
        <line num="22" count="6" type="cond" truecount="2" falsecount="0"/>
        <line num="33" count="6" type="cond" truecount="2" falsecount="0"/>
      </file>
      <file name="index.ts" path="C:\Users\AliM78\Desktop\React Projects\Blog_Dashboard_TS\src\components\PostsNav\index.ts">
        <metrics statements="0" coveredstatements="0" conditionals="0" coveredconditionals="0" methods="0" coveredmethods="0"/>
      </file>
    </package>
    <package name="components.ProfileInfo">
      <metrics statements="10" coveredstatements="10" conditionals="10" coveredconditionals="8" methods="2" coveredmethods="2"/>
      <file name="ProfileInfo.tsx" path="C:\Users\AliM78\Desktop\React Projects\Blog_Dashboard_TS\src\components\ProfileInfo\ProfileInfo.tsx">
        <metrics statements="10" coveredstatements="10" conditionals="10" coveredconditionals="8" methods="2" coveredmethods="2"/>
        <line num="15" count="5" type="stmt"/>
        <line num="21" count="6" type="stmt"/>
        <line num="26" count="3" type="stmt"/>
        <line num="34" count="3" type="cond" truecount="2" falsecount="0"/>
        <line num="35" count="1" type="stmt"/>
        <line num="39" count="3" type="cond" truecount="2" falsecount="0"/>
        <line num="40" count="1" type="stmt"/>
        <line num="51" count="3" type="cond" truecount="2" falsecount="0"/>
        <line num="52" count="1" type="stmt"/>
        <line num="73" count="3" type="stmt"/>
      </file>
      <file name="index.ts" path="C:\Users\AliM78\Desktop\React Projects\Blog_Dashboard_TS\src\components\ProfileInfo\index.ts">
        <metrics statements="0" coveredstatements="0" conditionals="0" coveredconditionals="0" methods="0" coveredmethods="0"/>
      </file>
    </package>
    <package name="firebase">
      <metrics statements="11" coveredstatements="11" conditionals="2" coveredconditionals="2" methods="4" coveredmethods="4"/>
      <file name="auth.ts" path="C:\Users\AliM78\Desktop\React Projects\Blog_Dashboard_TS\src\firebase\auth.ts">
        <metrics statements="8" coveredstatements="8" conditionals="2" coveredconditionals="2" methods="4" coveredmethods="4"/>
        <line num="17" count="2" type="stmt"/>
        <line num="18" count="2" type="cond" truecount="2" falsecount="0"/>
        <line num="29" count="7" type="stmt"/>
        <line num="30" count="1" type="stmt"/>
        <line num="41" count="7" type="stmt"/>
        <line num="42" count="1" type="stmt"/>
        <line num="52" count="7" type="stmt"/>
        <line num="53" count="1" type="stmt"/>
      </file>
      <file name="firebase.ts" path="C:\Users\AliM78\Desktop\React Projects\Blog_Dashboard_TS\src\firebase\firebase.ts">
        <metrics statements="3" coveredstatements="3" conditionals="0" coveredconditionals="0" methods="0" coveredmethods="0"/>
        <line num="11" count="6" type="stmt"/>
        <line num="28" count="6" type="stmt"/>
        <line num="36" count="6" type="stmt"/>
      </file>
      <file name="index.ts" path="C:\Users\AliM78\Desktop\React Projects\Blog_Dashboard_TS\src\firebase\index.ts">
        <metrics statements="0" coveredstatements="0" conditionals="0" coveredconditionals="0" methods="0" coveredmethods="0"/>
      </file>
    </package>
    <package name="queries">
      <metrics statements="34" coveredstatements="0" conditionals="6" coveredconditionals="0" methods="20" coveredmethods="0"/>
      <file name="authMutations.ts" path="C:\Users\AliM78\Desktop\React Projects\Blog_Dashboard_TS\src\queries\authMutations.ts">
        <metrics statements="13" coveredstatements="0" conditionals="2" coveredconditionals="0" methods="7" coveredmethods="0"/>
        <line num="17" count="0" type="stmt"/>
        <line num="30" count="0" type="stmt"/>
        <line num="33" count="0" type="stmt"/>
        <line num="34" count="0" type="cond" truecount="0" falsecount="2"/>
        <line num="35" count="0" type="stmt"/>
        <line num="37" count="0" type="stmt"/>
        <line num="38" count="0" type="stmt"/>
        <line num="48" count="0" type="stmt"/>
        <line num="49" count="0" type="stmt"/>
        <line num="52" count="0" type="stmt"/>
        <line num="62" count="0" type="stmt"/>
        <line num="63" count="0" type="stmt"/>
        <line num="66" count="0" type="stmt"/>
      </file>
      <file name="index.ts" path="C:\Users\AliM78\Desktop\React Projects\Blog_Dashboard_TS\src\queries\index.ts">
        <metrics statements="0" coveredstatements="0" conditionals="0" coveredconditionals="0" methods="0" coveredmethods="0"/>
      </file>
      <file name="postMutations.ts" path="C:\Users\AliM78\Desktop\React Projects\Blog_Dashboard_TS\src\queries\postMutations.ts">
        <metrics statements="12" coveredstatements="0" conditionals="0" coveredconditionals="0" methods="6" coveredmethods="0"/>
        <line num="16" count="0" type="stmt"/>
        <line num="17" count="0" type="stmt"/>
        <line num="20" count="0" type="stmt"/>
        <line num="21" count="0" type="stmt"/>
        <line num="30" count="0" type="stmt"/>
        <line num="31" count="0" type="stmt"/>
        <line num="38" count="0" type="stmt"/>
        <line num="39" count="0" type="stmt"/>
        <line num="49" count="0" type="stmt"/>
        <line num="50" count="0" type="stmt"/>
        <line num="53" count="0" type="stmt"/>
        <line num="54" count="0" type="stmt"/>
      </file>
      <file name="postQueries.ts" path="C:\Users\AliM78\Desktop\React Projects\Blog_Dashboard_TS\src\queries\postQueries.ts">
        <metrics statements="7" coveredstatements="0" conditionals="4" coveredconditionals="0" methods="5" coveredmethods="0"/>
        <line num="14" count="0" type="stmt"/>
        <line num="26" count="0" type="stmt"/>
        <line num="28" count="0" type="stmt"/>
        <line num="41" count="0" type="stmt"/>
        <line num="44" count="0" type="cond" truecount="0" falsecount="4"/>
        <line num="45" count="0" type="stmt"/>
        <line num="47" count="0" type="stmt"/>
      </file>
      <file name="userQuery.ts" path="C:\Users\AliM78\Desktop\React Projects\Blog_Dashboard_TS\src\queries\userQuery.ts">
        <metrics statements="2" coveredstatements="0" conditionals="0" coveredconditionals="0" methods="2" coveredmethods="0"/>
        <line num="10" count="0" type="stmt"/>
        <line num="12" count="0" type="stmt"/>
      </file>
    </package>
    <package name="store">
      <metrics statements="20" coveredstatements="11" conditionals="2" coveredconditionals="0" methods="5" coveredmethods="3"/>
      <file name="authSlice.ts" path="C:\Users\AliM78\Desktop\React Projects\Blog_Dashboard_TS\src\store\authSlice.ts">
        <metrics statements="7" coveredstatements="7" conditionals="0" coveredconditionals="0" methods="3" coveredmethods="3"/>
        <line num="7" count="6" type="stmt"/>
        <line num="16" count="6" type="stmt"/>
        <line num="32" count="1" type="stmt"/>
        <line num="33" count="1" type="stmt"/>
        <line num="41" count="1" type="stmt"/>
        <line num="42" count="1" type="stmt"/>
        <line num="51" count="1" type="stmt"/>
      </file>
      <file name="index.ts" path="C:\Users\AliM78\Desktop\React Projects\Blog_Dashboard_TS\src\store\index.ts">
        <metrics statements="13" coveredstatements="4" conditionals="2" coveredconditionals="0" methods="2" coveredmethods="0"/>
        <line num="10" count="5" type="stmt"/>
        <line num="15" count="5" type="stmt"/>
        <line num="26" count="5" type="stmt"/>
        <line num="46" count="5" type="stmt"/>
        <line num="47" count="0" type="stmt"/>
        <line num="48" count="0" type="cond" truecount="0" falsecount="2"/>
        <line num="53" count="0" type="stmt"/>
        <line num="59" count="0" type="stmt"/>
        <line num="60" count="0" type="stmt"/>
        <line num="63" count="0" type="stmt"/>
        <line num="68" count="0" type="stmt"/>
        <line num="69" count="0" type="stmt"/>
        <line num="73" count="0" type="stmt"/>
      </file>
    </package>
    <package name="utils">
      <metrics statements="79" coveredstatements="75" conditionals="32" coveredconditionals="27" methods="19" coveredmethods="19"/>
      <file name="errorsMessages.ts" path="C:\Users\AliM78\Desktop\React Projects\Blog_Dashboard_TS\src\utils\errorsMessages.ts">
        <metrics statements="1" coveredstatements="1" conditionals="0" coveredconditionals="0" methods="0" coveredmethods="0"/>
        <line num="1" count="6" type="stmt"/>
      </file>
      <file name="index.ts" path="C:\Users\AliM78\Desktop\React Projects\Blog_Dashboard_TS\src\utils\index.ts">
        <metrics statements="0" coveredstatements="0" conditionals="0" coveredconditionals="0" methods="0" coveredmethods="0"/>
      </file>
      <file name="requests.ts" path="C:\Users\AliM78\Desktop\React Projects\Blog_Dashboard_TS\src\utils\requests.ts">
        <metrics statements="39" coveredstatements="38" conditionals="8" coveredconditionals="6" methods="11" coveredmethods="11"/>
        <line num="16" count="7" type="stmt"/>
        <line num="24" count="2" type="stmt"/>
        <line num="25" count="2" type="stmt"/>
        <line num="26" count="2" type="stmt"/>
        <line num="27" count="2" type="cond" truecount="2" falsecount="0"/>
        <line num="28" count="1" type="stmt"/>
        <line num="29" count="1" type="stmt"/>
        <line num="31" count="2" type="stmt"/>
        <line num="37" count="1" type="stmt"/>
        <line num="39" count="1" type="stmt"/>
        <line num="53" count="1" type="stmt"/>
        <line num="54" count="1" type="stmt"/>
        <line num="55" count="1" type="stmt"/>
        <line num="56" count="1" type="cond" truecount="1" falsecount="1"/>
        <line num="57" count="1" type="stmt"/>
        <line num="58" count="1" type="stmt"/>
        <line num="63" count="0" type="stmt"/>
        <line num="79" count="1" type="stmt"/>
        <line num="80" count="1" type="stmt"/>
        <line num="81" count="1" type="stmt"/>
        <line num="82" count="1" type="cond" truecount="1" falsecount="1"/>
        <line num="96" count="2" type="stmt"/>
        <line num="97" count="2" type="stmt"/>
        <line num="98" count="2" type="stmt"/>
        <line num="99" count="2" type="cond" truecount="2" falsecount="0"/>
        <line num="116" count="1" type="stmt"/>
        <line num="117" count="1" type="stmt"/>
        <line num="118" count="1" type="stmt"/>
        <line num="119" count="1" type="stmt"/>
        <line num="134" count="1" type="stmt"/>
        <line num="135" count="1" type="stmt"/>
        <line num="136" count="1" type="stmt"/>
        <line num="137" count="1" type="stmt"/>
        <line num="154" count="1" type="stmt"/>
        <line num="155" count="1" type="stmt"/>
        <line num="156" count="1" type="stmt"/>
        <line num="171" count="1" type="stmt"/>
        <line num="172" count="1" type="stmt"/>
        <line num="173" count="1" type="stmt"/>
      </file>
      <file name="types.ts" path="C:\Users\AliM78\Desktop\React Projects\Blog_Dashboard_TS\src\utils\types.ts">
        <metrics statements="0" coveredstatements="0" conditionals="0" coveredconditionals="0" methods="0" coveredmethods="0"/>
      </file>
      <file name="validation.ts" path="C:\Users\AliM78\Desktop\React Projects\Blog_Dashboard_TS\src\utils\validation.ts">
        <metrics statements="39" coveredstatements="36" conditionals="24" coveredconditionals="21" methods="8" coveredmethods="8"/>
        <line num="10" count="2" type="stmt"/>
        <line num="12" count="2" type="cond" truecount="2" falsecount="0"/>
        <line num="13" count="1" type="stmt"/>
        <line num="17" count="2" type="cond" truecount="2" falsecount="0"/>
        <line num="18" count="1" type="stmt"/>
        <line num="20" count="1" type="cond" truecount="1" falsecount="1"/>
        <line num="21" count="0" type="stmt"/>
        <line num="25" count="2" type="cond" truecount="2" falsecount="0"/>
        <line num="26" count="1" type="stmt"/>
        <line num="30" count="2" type="cond" truecount="2" falsecount="0"/>
        <line num="31" count="1" type="stmt"/>
        <line num="35" count="2" type="cond" truecount="2" falsecount="0"/>
        <line num="36" count="1" type="stmt"/>
        <line num="40" count="2" type="cond" truecount="1" falsecount="1"/>
        <line num="41" count="0" type="stmt"/>
        <line num="44" count="2" type="stmt"/>
        <line num="54" count="3" type="stmt"/>
        <line num="56" count="3" type="cond" truecount="2" falsecount="0"/>
        <line num="57" count="2" type="stmt"/>
        <line num="61" count="3" type="stmt"/>
        <line num="71" count="4" type="stmt"/>
        <line num="73" count="4" type="cond" truecount="2" falsecount="0"/>
        <line num="74" count="2" type="stmt"/>
        <line num="77" count="4" type="cond" truecount="2" falsecount="0"/>
        <line num="78" count="2" type="stmt"/>
        <line num="80" count="2" type="cond" truecount="1" falsecount="1"/>
        <line num="81" count="0" type="stmt"/>
        <line num="85" count="4" type="cond" truecount="2" falsecount="0"/>
        <line num="86" count="2" type="stmt"/>
        <line num="89" count="4" type="stmt"/>
        <line num="99" count="5" type="stmt"/>
        <line num="100" count="5" type="stmt"/>
        <line num="110" count="1" type="stmt"/>
        <line num="111" count="1" type="stmt"/>
        <line num="121" count="6" type="stmt"/>
        <line num="122" count="6" type="stmt"/>
        <line num="132" count="2" type="stmt"/>
        <line num="142" count="2" type="stmt"/>
        <line num="143" count="2" type="stmt"/>
      </file>
    </package>
  </project>
</coverage>
