{"C:\\Users\\AliM78\\Desktop\\React Projects\\Blog_Dashboard_TS\\src\\components\\index.ts": {"path":"C:\\Users\\AliM78\\Desktop\\React Projects\\Blog_Dashboard_TS\\src\\components\\index.ts","statementMap":{},"fnMap":{},"branchMap":{},"s":{},"f":{},"b":{},"_coverageSchema":"1a1c01bbd47fc00a2c39e90264f33305004495a9","hash":"101aaefe02a6af3d540b8f5017583c56f1e61045"}
,"C:\\Users\\AliM78\\Desktop\\React Projects\\Blog_Dashboard_TS\\src\\components\\AuthForm\\AuthForm.tsx": {"path":"C:\\Users\\AliM78\\Desktop\\React Projects\\Blog_Dashboard_TS\\src\\components\\AuthForm\\AuthForm.tsx","statementMap":{"0":{"start":{"line":25,"column":27},"end":{"line":174,"column":1}},"1":{"start":{"line":30,"column":30},"end":{"line":30,"column":66}},"2":{"start":{"line":36,"column":25},"end":{"line":36,"column":42}},"3":{"start":{"line":37,"column":27},"end":{"line":37,"column":63}},"4":{"start":{"line":45,"column":32},"end":{"line":45,"column":58}},"5":{"start":{"line":53,"column":25},"end":{"line":53,"column":65}},"6":{"start":{"line":61,"column":25},"end":{"line":61,"column":44}},"7":{"start":{"line":69,"column":21},"end":{"line":91,"column":3}},"8":{"start":{"line":70,"column":4},"end":{"line":70,"column":27}},"9":{"start":{"line":71,"column":21},"end":{"line":71,"column":54}},"10":{"start":{"line":72,"column":17},"end":{"line":72,"column":67}},"11":{"start":{"line":75,"column":4},"end":{"line":79,"column":5}},"12":{"start":{"line":76,"column":6},"end":{"line":76,"column":48}},"13":{"start":{"line":78,"column":6},"end":{"line":78,"column":48}},"14":{"start":{"line":81,"column":4},"end":{"line":90,"column":5}},"15":{"start":{"line":82,"column":6},"end":{"line":82,"column":20}},"16":{"start":{"line":83,"column":6},"end":{"line":87,"column":7}},"17":{"start":{"line":84,"column":8},"end":{"line":84,"column":36}},"18":{"start":{"line":86,"column":8},"end":{"line":86,"column":36}},"19":{"start":{"line":89,"column":6},"end":{"line":89,"column":34}},"20":{"start":{"line":93,"column":2},"end":{"line":173,"column":4}}},"fnMap":{"0":{"name":"(anonymous_0)","decl":{"start":{"line":25,"column":27},"end":{"line":25,"column":28}},"loc":{"start":{"line":25,"column":33},"end":{"line":174,"column":1}},"line":25},"1":{"name":"(anonymous_1)","decl":{"start":{"line":69,"column":21},"end":{"line":69,"column":22}},"loc":{"start":{"line":69,"column":72},"end":{"line":91,"column":3}},"line":69}},"branchMap":{"0":{"loc":{"start":{"line":75,"column":4},"end":{"line":79,"column":5}},"type":"if","locations":[{"start":{"line":75,"column":4},"end":{"line":79,"column":5}},{"start":{"line":77,"column":11},"end":{"line":79,"column":5}}],"line":75},"1":{"loc":{"start":{"line":81,"column":4},"end":{"line":90,"column":5}},"type":"if","locations":[{"start":{"line":81,"column":4},"end":{"line":90,"column":5}},{"start":{"line":88,"column":11},"end":{"line":90,"column":5}}],"line":81},"2":{"loc":{"start":{"line":83,"column":6},"end":{"line":87,"column":7}},"type":"if","locations":[{"start":{"line":83,"column":6},"end":{"line":87,"column":7}},{"start":{"line":85,"column":13},"end":{"line":87,"column":7}}],"line":83},"3":{"loc":{"start":{"line":96,"column":13},"end":{"line":96,"column":44}},"type":"cond-expr","locations":[{"start":{"line":96,"column":23},"end":{"line":96,"column":31}},{"start":{"line":96,"column":34},"end":{"line":96,"column":44}}],"line":96},"4":{"loc":{"start":{"line":101,"column":17},"end":{"line":101,"column":36}},"type":"binary-expr","locations":[{"start":{"line":101,"column":17},"end":{"line":101,"column":30}},{"start":{"line":101,"column":34},"end":{"line":101,"column":36}}],"line":101},"5":{"loc":{"start":{"line":107,"column":17},"end":{"line":107,"column":39}},"type":"binary-expr","locations":[{"start":{"line":107,"column":17},"end":{"line":107,"column":33}},{"start":{"line":107,"column":37},"end":{"line":107,"column":39}}],"line":107},"6":{"loc":{"start":{"line":109,"column":9},"end":{"line":138,"column":9}},"type":"binary-expr","locations":[{"start":{"line":109,"column":9},"end":{"line":109,"column":17}},{"start":{"line":110,"column":10},"end":{"line":137,"column":13}}],"line":109},"7":{"loc":{"start":{"line":115,"column":21},"end":{"line":115,"column":39}},"type":"binary-expr","locations":[{"start":{"line":115,"column":21},"end":{"line":115,"column":33}},{"start":{"line":115,"column":37},"end":{"line":115,"column":39}}],"line":115},"8":{"loc":{"start":{"line":121,"column":21},"end":{"line":121,"column":43}},"type":"binary-expr","locations":[{"start":{"line":121,"column":21},"end":{"line":121,"column":37}},{"start":{"line":121,"column":41},"end":{"line":121,"column":43}}],"line":121},"9":{"loc":{"start":{"line":127,"column":21},"end":{"line":127,"column":43}},"type":"binary-expr","locations":[{"start":{"line":127,"column":21},"end":{"line":127,"column":37}},{"start":{"line":127,"column":41},"end":{"line":127,"column":43}}],"line":127},"10":{"loc":{"start":{"line":135,"column":21},"end":{"line":135,"column":38}},"type":"binary-expr","locations":[{"start":{"line":135,"column":21},"end":{"line":135,"column":32}},{"start":{"line":135,"column":36},"end":{"line":135,"column":38}}],"line":135},"11":{"loc":{"start":{"line":140,"column":29},"end":{"line":140,"column":57}},"type":"cond-expr","locations":[{"start":{"line":140,"column":39},"end":{"line":140,"column":47}},{"start":{"line":140,"column":50},"end":{"line":140,"column":57}}],"line":140},"12":{"loc":{"start":{"line":141,"column":13},"end":{"line":141,"column":43}},"type":"cond-expr","locations":[{"start":{"line":141,"column":23},"end":{"line":141,"column":33}},{"start":{"line":141,"column":36},"end":{"line":141,"column":43}}],"line":141},"13":{"loc":{"start":{"line":144,"column":13},"end":{"line":148,"column":26}},"type":"cond-expr","locations":[{"start":{"line":145,"column":16},"end":{"line":145,"column":31}},{"start":{"line":146,"column":16},"end":{"line":148,"column":26}}],"line":144},"14":{"loc":{"start":{"line":146,"column":16},"end":{"line":148,"column":26}},"type":"cond-expr","locations":[{"start":{"line":147,"column":16},"end":{"line":147,"column":23}},{"start":{"line":148,"column":16},"end":{"line":148,"column":26}}],"line":146},"15":{"loc":{"start":{"line":152,"column":7},"end":{"line":159,"column":7}},"type":"binary-expr","locations":[{"start":{"line":152,"column":8},"end":{"line":152,"column":32}},{"start":{"line":152,"column":36},"end":{"line":152,"column":60}},{"start":{"line":153,"column":8},"end":{"line":158,"column":11}}],"line":152},"16":{"loc":{"start":{"line":155,"column":13},"end":{"line":155,"column":56}},"type":"cond-expr","locations":[{"start":{"line":155,"column":23},"end":{"line":155,"column":38}},{"start":{"line":155,"column":41},"end":{"line":155,"column":56}}],"line":155},"17":{"loc":{"start":{"line":160,"column":7},"end":{"line":165,"column":7}},"type":"binary-expr","locations":[{"start":{"line":160,"column":7},"end":{"line":160,"column":29}},{"start":{"line":161,"column":8},"end":{"line":164,"column":12}}],"line":160},"18":{"loc":{"start":{"line":162,"column":11},"end":{"line":163,"column":57}},"type":"binary-expr","locations":[{"start":{"line":162,"column":11},"end":{"line":162,"column":53}},{"start":{"line":163,"column":12},"end":{"line":163,"column":57}}],"line":162},"19":{"loc":{"start":{"line":166,"column":7},"end":{"line":171,"column":7}},"type":"binary-expr","locations":[{"start":{"line":166,"column":7},"end":{"line":166,"column":29}},{"start":{"line":167,"column":8},"end":{"line":170,"column":12}}],"line":166},"20":{"loc":{"start":{"line":168,"column":11},"end":{"line":169,"column":60}},"type":"binary-expr","locations":[{"start":{"line":168,"column":11},"end":{"line":168,"column":53}},{"start":{"line":169,"column":12},"end":{"line":169,"column":60}}],"line":168}},"s":{"0":5,"1":12,"2":12,"3":12,"4":12,"5":12,"6":12,"7":12,"8":5,"9":5,"10":5,"11":5,"12":3,"13":2,"14":5,"15":2,"16":2,"17":1,"18":1,"19":3,"20":12},"f":{"0":12,"1":5},"b":{"0":[3,2],"1":[2,3],"2":[1,1],"3":[7,5],"4":[12,9],"5":[12,11],"6":[12,5],"7":[5,4],"8":[5,4],"9":[5,4],"10":[5,5],"11":[7,5],"12":[7,5],"13":[0,12],"14":[7,5],"15":[12,12,0],"16":[0,0],"17":[12,2],"18":[2,0],"19":[12,2],"20":[2,0]},"_coverageSchema":"1a1c01bbd47fc00a2c39e90264f33305004495a9","hash":"a4b7b2e8bc6505bfb79b07f64db30fbe3195d0db"}
,"C:\\Users\\AliM78\\Desktop\\React Projects\\Blog_Dashboard_TS\\src\\components\\AuthForm\\index.ts": {"path":"C:\\Users\\AliM78\\Desktop\\React Projects\\Blog_Dashboard_TS\\src\\components\\AuthForm\\index.ts","statementMap":{},"fnMap":{},"branchMap":{},"s":{},"f":{},"b":{},"_coverageSchema":"1a1c01bbd47fc00a2c39e90264f33305004495a9","hash":"63766f370f3393535e22a2b3edb706ccda860f2b"}
,"C:\\Users\\AliM78\\Desktop\\React Projects\\Blog_Dashboard_TS\\src\\components\\ErrorBlock\\ErrorBlock.tsx": {"path":"C:\\Users\\AliM78\\Desktop\\React Projects\\Blog_Dashboard_TS\\src\\components\\ErrorBlock\\ErrorBlock.tsx","statementMap":{"0":{"start":{"line":16,"column":5},"end":{"line":27,"column":1}},"1":{"start":{"line":17,"column":2},"end":{"line":26,"column":4}}},"fnMap":{"0":{"name":"(anonymous_0)","decl":{"start":{"line":16,"column":5},"end":{"line":16,"column":6}},"loc":{"start":{"line":16,"column":39},"end":{"line":27,"column":1}},"line":16}},"branchMap":{},"s":{"0":6,"1":6},"f":{"0":6},"b":{},"_coverageSchema":"1a1c01bbd47fc00a2c39e90264f33305004495a9","hash":"02aba328aa5f339ba597676e4e1ba7f4e3e4947e"}
,"C:\\Users\\AliM78\\Desktop\\React Projects\\Blog_Dashboard_TS\\src\\components\\ErrorBlock\\index.ts": {"path":"C:\\Users\\AliM78\\Desktop\\React Projects\\Blog_Dashboard_TS\\src\\components\\ErrorBlock\\index.ts","statementMap":{},"fnMap":{},"branchMap":{},"s":{},"f":{},"b":{},"_coverageSchema":"1a1c01bbd47fc00a2c39e90264f33305004495a9","hash":"f10fcb9aa2460a8133dc1a6adc92151c0621b91e"}
,"C:\\Users\\AliM78\\Desktop\\React Projects\\Blog_Dashboard_TS\\src\\components\\GetStarted\\GetStarted.tsx": {"path":"C:\\Users\\AliM78\\Desktop\\React Projects\\Blog_Dashboard_TS\\src\\components\\GetStarted\\GetStarted.tsx","statementMap":{"0":{"start":{"line":16,"column":29},"end":{"line":46,"column":1}},"1":{"start":{"line":21,"column":20},"end":{"line":21,"column":68}},"2":{"start":{"line":21,"column":54},"end":{"line":21,"column":67}},"3":{"start":{"line":23,"column":2},"end":{"line":45,"column":4}}},"fnMap":{"0":{"name":"(anonymous_0)","decl":{"start":{"line":16,"column":29},"end":{"line":16,"column":30}},"loc":{"start":{"line":16,"column":35},"end":{"line":46,"column":1}},"line":16},"1":{"name":"(anonymous_1)","decl":{"start":{"line":21,"column":32},"end":{"line":21,"column":33}},"loc":{"start":{"line":21,"column":54},"end":{"line":21,"column":67}},"line":21}},"branchMap":{"0":{"loc":{"start":{"line":25,"column":7},"end":{"line":43,"column":7}},"type":"cond-expr","locations":[{"start":{"line":26,"column":8},"end":{"line":40,"column":14}},{"start":{"line":42,"column":8},"end":{"line":42,"column":28}}],"line":25}},"s":{"0":5,"1":2,"2":4,"3":2},"f":{"0":2,"1":4},"b":{"0":[1,1]},"_coverageSchema":"1a1c01bbd47fc00a2c39e90264f33305004495a9","hash":"ea833021eb5ddf04f6735ddf9bb8c7432ec6d082"}
,"C:\\Users\\AliM78\\Desktop\\React Projects\\Blog_Dashboard_TS\\src\\components\\GetStarted\\index.ts": {"path":"C:\\Users\\AliM78\\Desktop\\React Projects\\Blog_Dashboard_TS\\src\\components\\GetStarted\\index.ts","statementMap":{},"fnMap":{},"branchMap":{},"s":{},"f":{},"b":{},"_coverageSchema":"1a1c01bbd47fc00a2c39e90264f33305004495a9","hash":"034ad74412fd2f7b221f3e24f2aa2b392b3ce9e8"}
,"C:\\Users\\AliM78\\Desktop\\React Projects\\Blog_Dashboard_TS\\src\\components\\Input\\Input.tsx": {"path":"C:\\Users\\AliM78\\Desktop\\React Projects\\Blog_Dashboard_TS\\src\\components\\Input\\Input.tsx","statementMap":{"0":{"start":{"line":20,"column":5},"end":{"line":37,"column":1}},"1":{"start":{"line":26,"column":50},"end":{"line":28,"column":13}},"2":{"start":{"line":30,"column":2},"end":{"line":36,"column":4}}},"fnMap":{"0":{"name":"(anonymous_0)","decl":{"start":{"line":20,"column":5},"end":{"line":20,"column":6}},"loc":{"start":{"line":20,"column":59},"end":{"line":37,"column":1}},"line":20}},"branchMap":{"0":{"loc":{"start":{"line":26,"column":50},"end":{"line":28,"column":13}},"type":"cond-expr","locations":[{"start":{"line":27,"column":6},"end":{"line":27,"column":16}},{"start":{"line":28,"column":6},"end":{"line":28,"column":13}}],"line":26},"1":{"loc":{"start":{"line":34,"column":7},"end":{"line":34,"column":63}},"type":"binary-expr","locations":[{"start":{"line":34,"column":7},"end":{"line":34,"column":12}},{"start":{"line":34,"column":16},"end":{"line":34,"column":63}}],"line":34}},"s":{"0":6,"1":47,"2":47},"f":{"0":47},"b":{"0":[6,41],"1":[47,8]},"_coverageSchema":"1a1c01bbd47fc00a2c39e90264f33305004495a9","hash":"a2b6026b88e449a23f553bc02eea7c7e0ce2488b"}
,"C:\\Users\\AliM78\\Desktop\\React Projects\\Blog_Dashboard_TS\\src\\components\\Input\\index.ts": {"path":"C:\\Users\\AliM78\\Desktop\\React Projects\\Blog_Dashboard_TS\\src\\components\\Input\\index.ts","statementMap":{},"fnMap":{},"branchMap":{},"s":{},"f":{},"b":{},"_coverageSchema":"1a1c01bbd47fc00a2c39e90264f33305004495a9","hash":"64e080396689d0d5988b653f291d326babaa9b4e"}
,"C:\\Users\\AliM78\\Desktop\\React Projects\\Blog_Dashboard_TS\\src\\components\\LoadingIndicator\\LoadingIndicator.tsx": {"path":"C:\\Users\\AliM78\\Desktop\\React Projects\\Blog_Dashboard_TS\\src\\components\\LoadingIndicator\\LoadingIndicator.tsx","statementMap":{"0":{"start":{"line":11,"column":35},"end":{"line":20,"column":1}},"1":{"start":{"line":12,"column":2},"end":{"line":19,"column":4}}},"fnMap":{"0":{"name":"(anonymous_0)","decl":{"start":{"line":11,"column":35},"end":{"line":11,"column":36}},"loc":{"start":{"line":11,"column":41},"end":{"line":20,"column":1}},"line":11}},"branchMap":{},"s":{"0":6,"1":4},"f":{"0":4},"b":{},"_coverageSchema":"1a1c01bbd47fc00a2c39e90264f33305004495a9","hash":"1257765a36c56dcdf96595a8826a3975f39dc50a"}
,"C:\\Users\\AliM78\\Desktop\\React Projects\\Blog_Dashboard_TS\\src\\components\\LoadingIndicator\\index.ts": {"path":"C:\\Users\\AliM78\\Desktop\\React Projects\\Blog_Dashboard_TS\\src\\components\\LoadingIndicator\\index.ts","statementMap":{},"fnMap":{},"branchMap":{},"s":{},"f":{},"b":{},"_coverageSchema":"1a1c01bbd47fc00a2c39e90264f33305004495a9","hash":"01da1bc2ab88a9d93f672722e991e99fd2a3c849"}
,"C:\\Users\\AliM78\\Desktop\\React Projects\\Blog_Dashboard_TS\\src\\components\\MainNav\\MainNav.tsx": {"path":"C:\\Users\\AliM78\\Desktop\\React Projects\\Blog_Dashboard_TS\\src\\components\\MainNav\\MainNav.tsx","statementMap":{"0":{"start":{"line":19,"column":26},"end":{"line":163,"column":1}},"1":{"start":{"line":24,"column":19},"end":{"line":24,"column":32}},"2":{"start":{"line":30,"column":19},"end":{"line":30,"column":32}},"3":{"start":{"line":36,"column":19},"end":{"line":36,"column":32}},"4":{"start":{"line":42,"column":30},"end":{"line":42,"column":54}},"5":{"start":{"line":48,"column":21},"end":{"line":48,"column":77}},"6":{"start":{"line":48,"column":55},"end":{"line":48,"column":76}},"7":{"start":{"line":54,"column":2},"end":{"line":56,"column":17}},"8":{"start":{"line":55,"column":4},"end":{"line":55,"column":21}},"9":{"start":{"line":64,"column":37},"end":{"line":67,"column":4}},"10":{"start":{"line":65,"column":4},"end":{"line":65,"column":38}},"11":{"start":{"line":66,"column":4},"end":{"line":66,"column":33}},"12":{"start":{"line":75,"column":4},"end":{"line":75,"column":41}},"13":{"start":{"line":75,"column":29},"end":{"line":75,"column":39}},"14":{"start":{"line":86,"column":4},"end":{"line":86,"column":27}},"15":{"start":{"line":87,"column":4},"end":{"line":87,"column":13}},"16":{"start":{"line":90,"column":2},"end":{"line":99,"column":3}},"17":{"start":{"line":91,"column":4},"end":{"line":98,"column":6}},"18":{"start":{"line":101,"column":2},"end":{"line":162,"column":4}},"19":{"start":{"line":116,"column":16},"end":{"line":116,"column":53}},"20":{"start":{"line":126,"column":16},"end":{"line":126,"column":53}},"21":{"start":{"line":136,"column":16},"end":{"line":136,"column":53}},"22":{"start":{"line":147,"column":18},"end":{"line":147,"column":55}}},"fnMap":{"0":{"name":"(anonymous_0)","decl":{"start":{"line":19,"column":26},"end":{"line":19,"column":27}},"loc":{"start":{"line":19,"column":32},"end":{"line":163,"column":1}},"line":19},"1":{"name":"(anonymous_1)","decl":{"start":{"line":48,"column":33},"end":{"line":48,"column":34}},"loc":{"start":{"line":48,"column":55},"end":{"line":48,"column":76}},"line":48},"2":{"name":"(anonymous_2)","decl":{"start":{"line":54,"column":12},"end":{"line":54,"column":13}},"loc":{"start":{"line":54,"column":18},"end":{"line":56,"column":3}},"line":54},"3":{"name":"(anonymous_3)","decl":{"start":{"line":64,"column":55},"end":{"line":64,"column":56}},"loc":{"start":{"line":64,"column":61},"end":{"line":67,"column":3}},"line":64},"4":{"name":"handleToggleNav","decl":{"start":{"line":74,"column":11},"end":{"line":74,"column":26}},"loc":{"start":{"line":74,"column":29},"end":{"line":76,"column":3}},"line":74},"5":{"name":"(anonymous_5)","decl":{"start":{"line":75,"column":14},"end":{"line":75,"column":15}},"loc":{"start":{"line":75,"column":29},"end":{"line":75,"column":39}},"line":75},"6":{"name":"handleLogout","decl":{"start":{"line":85,"column":11},"end":{"line":85,"column":23}},"loc":{"start":{"line":85,"column":49},"end":{"line":88,"column":3}},"line":85},"7":{"name":"(anonymous_7)","decl":{"start":{"line":115,"column":25},"end":{"line":115,"column":26}},"loc":{"start":{"line":116,"column":16},"end":{"line":116,"column":53}},"line":116},"8":{"name":"(anonymous_8)","decl":{"start":{"line":125,"column":25},"end":{"line":125,"column":26}},"loc":{"start":{"line":126,"column":16},"end":{"line":126,"column":53}},"line":126},"9":{"name":"(anonymous_9)","decl":{"start":{"line":135,"column":25},"end":{"line":135,"column":26}},"loc":{"start":{"line":136,"column":16},"end":{"line":136,"column":53}},"line":136},"10":{"name":"(anonymous_10)","decl":{"start":{"line":146,"column":27},"end":{"line":146,"column":28}},"loc":{"start":{"line":147,"column":18},"end":{"line":147,"column":55}},"line":147}},"branchMap":{"0":{"loc":{"start":{"line":90,"column":2},"end":{"line":99,"column":3}},"type":"if","locations":[{"start":{"line":90,"column":2},"end":{"line":99,"column":3}},{"start":{},"end":{}}],"line":90},"1":{"loc":{"start":{"line":94,"column":17},"end":{"line":94,"column":77}},"type":"cond-expr","locations":[{"start":{"line":94,"column":30},"end":{"line":94,"column":56}},{"start":{"line":94,"column":59},"end":{"line":94,"column":77}}],"line":94},"2":{"loc":{"start":{"line":111,"column":46},"end":{"line":111,"column":72}},"type":"cond-expr","locations":[{"start":{"line":111,"column":55},"end":{"line":111,"column":67}},{"start":{"line":111,"column":70},"end":{"line":111,"column":72}}],"line":111},"3":{"loc":{"start":{"line":116,"column":16},"end":{"line":116,"column":53}},"type":"cond-expr","locations":[{"start":{"line":116,"column":27},"end":{"line":116,"column":41}},{"start":{"line":116,"column":44},"end":{"line":116,"column":53}}],"line":116},"4":{"loc":{"start":{"line":126,"column":16},"end":{"line":126,"column":53}},"type":"cond-expr","locations":[{"start":{"line":126,"column":27},"end":{"line":126,"column":41}},{"start":{"line":126,"column":44},"end":{"line":126,"column":53}}],"line":126},"5":{"loc":{"start":{"line":136,"column":16},"end":{"line":136,"column":53}},"type":"cond-expr","locations":[{"start":{"line":136,"column":27},"end":{"line":136,"column":41}},{"start":{"line":136,"column":44},"end":{"line":136,"column":53}}],"line":136},"6":{"loc":{"start":{"line":142,"column":11},"end":{"line":153,"column":11}},"type":"binary-expr","locations":[{"start":{"line":142,"column":11},"end":{"line":142,"column":22}},{"start":{"line":143,"column":12},"end":{"line":152,"column":17}}],"line":142},"7":{"loc":{"start":{"line":147,"column":18},"end":{"line":147,"column":55}},"type":"cond-expr","locations":[{"start":{"line":147,"column":29},"end":{"line":147,"column":43}},{"start":{"line":147,"column":46},"end":{"line":147,"column":55}}],"line":147},"8":{"loc":{"start":{"line":154,"column":11},"end":{"line":158,"column":11}},"type":"binary-expr","locations":[{"start":{"line":154,"column":11},"end":{"line":154,"column":21}},{"start":{"line":155,"column":12},"end":{"line":157,"column":17}}],"line":154}},"s":{"0":5,"1":8,"2":8,"3":8,"4":8,"5":8,"6":14,"7":8,"8":6,"9":8,"10":0,"11":0,"12":1,"13":1,"14":1,"15":1,"16":8,"17":1,"18":7,"19":6,"20":6,"21":6,"22":3},"f":{"0":8,"1":14,"2":6,"3":0,"4":1,"5":1,"6":1,"7":6,"8":6,"9":6,"10":3},"b":{"0":[1,7],"1":[1,0],"2":[2,5],"3":[6,0],"4":[0,6],"5":[0,6],"6":[7,4],"7":[0,3],"8":[7,3]},"_coverageSchema":"1a1c01bbd47fc00a2c39e90264f33305004495a9","hash":"44783895e31a8a9bffa2cf9b337f34ae6e2002da"}
,"C:\\Users\\AliM78\\Desktop\\React Projects\\Blog_Dashboard_TS\\src\\components\\MainNav\\index.ts": {"path":"C:\\Users\\AliM78\\Desktop\\React Projects\\Blog_Dashboard_TS\\src\\components\\MainNav\\index.ts","statementMap":{},"fnMap":{},"branchMap":{},"s":{},"f":{},"b":{},"_coverageSchema":"1a1c01bbd47fc00a2c39e90264f33305004495a9","hash":"6491e442f68d0366f2d7d129fdfcb491d2364c34"}
,"C:\\Users\\AliM78\\Desktop\\React Projects\\Blog_Dashboard_TS\\src\\components\\PostForm\\PostForm.tsx": {"path":"C:\\Users\\AliM78\\Desktop\\React Projects\\Blog_Dashboard_TS\\src\\components\\PostForm\\PostForm.tsx","statementMap":{"0":{"start":{"line":19,"column":65},"end":{"line":206,"column":1}},"1":{"start":{"line":27,"column":30},"end":{"line":27,"column":66}},"2":{"start":{"line":33,"column":22},"end":{"line":33,"column":74}},"3":{"start":{"line":33,"column":56},"end":{"line":33,"column":73}},"4":{"start":{"line":34,"column":17},"end":{"line":34,"column":33}},"5":{"start":{"line":40,"column":16},"end":{"line":40,"column":27}},"6":{"start":{"line":41,"column":17},"end":{"line":41,"column":29}},"7":{"start":{"line":47,"column":19},"end":{"line":47,"column":32}},"8":{"start":{"line":53,"column":16},"end":{"line":53,"column":26}},"9":{"start":{"line":54,"column":24},"end":{"line":54,"column":57}},"10":{"start":{"line":60,"column":32},"end":{"line":60,"column":58}},"11":{"start":{"line":66,"column":29},"end":{"line":66,"column":52}},"12":{"start":{"line":79,"column":4},"end":{"line":79,"column":27}},"13":{"start":{"line":80,"column":21},"end":{"line":80,"column":54}},"14":{"start":{"line":81,"column":17},"end":{"line":81,"column":67}},"15":{"start":{"line":82,"column":29},"end":{"line":82,"column":49}},"16":{"start":{"line":83,"column":4},"end":{"line":92,"column":5}},"17":{"start":{"line":84,"column":6},"end":{"line":84,"column":20}},"18":{"start":{"line":85,"column":6},"end":{"line":89,"column":7}},"19":{"start":{"line":86,"column":8},"end":{"line":86,"column":55}},"20":{"start":{"line":87,"column":13},"end":{"line":89,"column":7}},"21":{"start":{"line":88,"column":8},"end":{"line":88,"column":60}},"22":{"start":{"line":91,"column":6},"end":{"line":91,"column":34}},"23":{"start":{"line":101,"column":4},"end":{"line":101,"column":27}},"24":{"start":{"line":104,"column":2},"end":{"line":205,"column":4}},"25":{"start":{"line":108,"column":25},"end":{"line":108,"column":52}}},"fnMap":{"0":{"name":"(anonymous_0)","decl":{"start":{"line":19,"column":65},"end":{"line":19,"column":66}},"loc":{"start":{"line":22,"column":6},"end":{"line":206,"column":1}},"line":22},"1":{"name":"(anonymous_1)","decl":{"start":{"line":33,"column":34},"end":{"line":33,"column":35}},"loc":{"start":{"line":33,"column":56},"end":{"line":33,"column":73}},"line":33},"2":{"name":"handleSubmitPost","decl":{"start":{"line":75,"column":11},"end":{"line":75,"column":27}},"loc":{"start":{"line":78,"column":4},"end":{"line":93,"column":3}},"line":78},"3":{"name":"cancelHandler","decl":{"start":{"line":100,"column":11},"end":{"line":100,"column":24}},"loc":{"start":{"line":100,"column":27},"end":{"line":102,"column":3}},"line":100},"4":{"name":"(anonymous_4)","decl":{"start":{"line":108,"column":18},"end":{"line":108,"column":19}},"loc":{"start":{"line":108,"column":25},"end":{"line":108,"column":52}},"line":108}},"branchMap":{"0":{"loc":{"start":{"line":83,"column":4},"end":{"line":92,"column":5}},"type":"if","locations":[{"start":{"line":83,"column":4},"end":{"line":92,"column":5}},{"start":{"line":90,"column":11},"end":{"line":92,"column":5}}],"line":83},"1":{"loc":{"start":{"line":85,"column":6},"end":{"line":89,"column":7}},"type":"if","locations":[{"start":{"line":85,"column":6},"end":{"line":89,"column":7}},{"start":{"line":87,"column":13},"end":{"line":89,"column":7}}],"line":85},"2":{"loc":{"start":{"line":85,"column":10},"end":{"line":85,"column":50}},"type":"binary-expr","locations":[{"start":{"line":85,"column":10},"end":{"line":85,"column":26}},{"start":{"line":85,"column":30},"end":{"line":85,"column":50}}],"line":85},"3":{"loc":{"start":{"line":87,"column":13},"end":{"line":89,"column":7}},"type":"if","locations":[{"start":{"line":87,"column":13},"end":{"line":89,"column":7}},{"start":{},"end":{}}],"line":87},"4":{"loc":{"start":{"line":87,"column":17},"end":{"line":87,"column":61}},"type":"binary-expr","locations":[{"start":{"line":87,"column":17},"end":{"line":87,"column":37}},{"start":{"line":87,"column":41},"end":{"line":87,"column":61}}],"line":87},"5":{"loc":{"start":{"line":117,"column":26},"end":{"line":117,"column":48}},"type":"cond-expr","locations":[{"start":{"line":117,"column":33},"end":{"line":117,"column":43}},{"start":{"line":117,"column":46},"end":{"line":117,"column":48}}],"line":117},"6":{"loc":{"start":{"line":121,"column":9},"end":{"line":121,"column":79}},"type":"binary-expr","locations":[{"start":{"line":121,"column":9},"end":{"line":121,"column":21}},{"start":{"line":121,"column":25},"end":{"line":121,"column":79}}],"line":121},"7":{"loc":{"start":{"line":130,"column":26},"end":{"line":130,"column":49}},"type":"cond-expr","locations":[{"start":{"line":130,"column":33},"end":{"line":130,"column":44}},{"start":{"line":130,"column":47},"end":{"line":130,"column":49}}],"line":130},"8":{"loc":{"start":{"line":135,"column":9},"end":{"line":137,"column":9}},"type":"binary-expr","locations":[{"start":{"line":135,"column":9},"end":{"line":135,"column":22}},{"start":{"line":136,"column":10},"end":{"line":136,"column":65}}],"line":135},"9":{"loc":{"start":{"line":146,"column":19},"end":{"line":146,"column":75}},"type":"cond-expr","locations":[{"start":{"line":146,"column":38},"end":{"line":146,"column":51}},{"start":{"line":146,"column":54},"end":{"line":146,"column":75}}],"line":146},"10":{"loc":{"start":{"line":146,"column":54},"end":{"line":146,"column":75}},"type":"cond-expr","locations":[{"start":{"line":146,"column":61},"end":{"line":146,"column":70}},{"start":{"line":146,"column":73},"end":{"line":146,"column":75}}],"line":146},"11":{"loc":{"start":{"line":158,"column":26},"end":{"line":158,"column":50}},"type":"cond-expr","locations":[{"start":{"line":158,"column":33},"end":{"line":158,"column":45}},{"start":{"line":158,"column":48},"end":{"line":158,"column":50}}],"line":158},"12":{"loc":{"start":{"line":162,"column":9},"end":{"line":164,"column":9}},"type":"binary-expr","locations":[{"start":{"line":162,"column":9},"end":{"line":162,"column":23}},{"start":{"line":163,"column":10},"end":{"line":163,"column":66}}],"line":162},"13":{"loc":{"start":{"line":168,"column":13},"end":{"line":168,"column":61}},"type":"cond-expr","locations":[{"start":{"line":168,"column":32},"end":{"line":168,"column":45}},{"start":{"line":168,"column":48},"end":{"line":168,"column":61}}],"line":168},"14":{"loc":{"start":{"line":180,"column":7},"end":{"line":187,"column":7}},"type":"binary-expr","locations":[{"start":{"line":180,"column":8},"end":{"line":180,"column":39}},{"start":{"line":180,"column":43},"end":{"line":180,"column":71}},{"start":{"line":181,"column":8},"end":{"line":186,"column":11}}],"line":180},"15":{"loc":{"start":{"line":183,"column":13},"end":{"line":183,"column":71}},"type":"cond-expr","locations":[{"start":{"line":183,"column":32},"end":{"line":183,"column":50}},{"start":{"line":183,"column":53},"end":{"line":183,"column":71}}],"line":183},"16":{"loc":{"start":{"line":189,"column":7},"end":{"line":196,"column":7}},"type":"binary-expr","locations":[{"start":{"line":189,"column":7},"end":{"line":189,"column":36}},{"start":{"line":190,"column":8},"end":{"line":195,"column":10}}],"line":189},"17":{"loc":{"start":{"line":193,"column":12},"end":{"line":193,"column":74}},"type":"binary-expr","locations":[{"start":{"line":193,"column":12},"end":{"line":193,"column":47}},{"start":{"line":193,"column":51},"end":{"line":193,"column":74}}],"line":193},"18":{"loc":{"start":{"line":198,"column":7},"end":{"line":203,"column":7}},"type":"binary-expr","locations":[{"start":{"line":198,"column":7},"end":{"line":198,"column":33}},{"start":{"line":199,"column":8},"end":{"line":202,"column":10}}],"line":198},"19":{"loc":{"start":{"line":201,"column":19},"end":{"line":201,"column":78}},"type":"binary-expr","locations":[{"start":{"line":201,"column":19},"end":{"line":201,"column":51}},{"start":{"line":201,"column":55},"end":{"line":201,"column":78}}],"line":201}},"s":{"0":5,"1":9,"2":9,"3":14,"4":9,"5":9,"6":9,"7":9,"8":9,"9":9,"10":9,"11":9,"12":4,"13":4,"14":4,"15":4,"16":4,"17":2,"18":2,"19":1,"20":1,"21":1,"22":2,"23":0,"24":9,"25":4},"f":{"0":9,"1":14,"2":4,"3":0,"4":4},"b":{"0":[2,2],"1":[1,1],"2":[2,1],"3":[1,0],"4":[1,1],"5":[2,7],"6":[9,2],"7":[2,7],"8":[9,2],"9":[7,2],"10":[2,0],"11":[2,7],"12":[9,2],"13":[7,2],"14":[9,9,0],"15":[0,0],"16":[9,2],"17":[2,0],"18":[9,0],"19":[0,0]},"_coverageSchema":"1a1c01bbd47fc00a2c39e90264f33305004495a9","hash":"930099a256f430a53490c206ece255f052f3d810"}
,"C:\\Users\\AliM78\\Desktop\\React Projects\\Blog_Dashboard_TS\\src\\components\\PostForm\\index.ts": {"path":"C:\\Users\\AliM78\\Desktop\\React Projects\\Blog_Dashboard_TS\\src\\components\\PostForm\\index.ts","statementMap":{},"fnMap":{},"branchMap":{},"s":{},"f":{},"b":{},"_coverageSchema":"1a1c01bbd47fc00a2c39e90264f33305004495a9","hash":"89269cab22e54746af571b5c9d886a9fffd65519"}
,"C:\\Users\\AliM78\\Desktop\\React Projects\\Blog_Dashboard_TS\\src\\components\\PostsList\\PostsList.tsx": {"path":"C:\\Users\\AliM78\\Desktop\\React Projects\\Blog_Dashboard_TS\\src\\components\\PostsList\\PostsList.tsx","statementMap":{"0":{"start":{"line":17,"column":71},"end":{"line":92,"column":1}},"1":{"start":{"line":25,"column":21},"end":{"line":25,"column":77}},"2":{"start":{"line":25,"column":55},"end":{"line":25,"column":76}},"3":{"start":{"line":26,"column":22},"end":{"line":26,"column":74}},"4":{"start":{"line":26,"column":56},"end":{"line":26,"column":73}},"5":{"start":{"line":34,"column":21},"end":{"line":34,"column":44}},"6":{"start":{"line":43,"column":19},"end":{"line":43,"column":35}},"7":{"start":{"line":44,"column":21},"end":{"line":46,"column":5}},"8":{"start":{"line":47,"column":4},"end":{"line":49,"column":5}},"9":{"start":{"line":48,"column":6},"end":{"line":48,"column":33}},"10":{"start":{"line":52,"column":2},"end":{"line":91,"column":4}},"11":{"start":{"line":57,"column":12},"end":{"line":84,"column":18}},"12":{"start":{"line":77,"column":37},"end":{"line":77,"column":68}}},"fnMap":{"0":{"name":"(anonymous_0)","decl":{"start":{"line":17,"column":71},"end":{"line":17,"column":72}},"loc":{"start":{"line":20,"column":6},"end":{"line":92,"column":1}},"line":20},"1":{"name":"(anonymous_1)","decl":{"start":{"line":25,"column":33},"end":{"line":25,"column":34}},"loc":{"start":{"line":25,"column":55},"end":{"line":25,"column":76}},"line":25},"2":{"name":"(anonymous_2)","decl":{"start":{"line":26,"column":34},"end":{"line":26,"column":35}},"loc":{"start":{"line":26,"column":56},"end":{"line":26,"column":73}},"line":26},"3":{"name":"handleDeletePost","decl":{"start":{"line":42,"column":11},"end":{"line":42,"column":27}},"loc":{"start":{"line":42,"column":44},"end":{"line":50,"column":3}},"line":42},"4":{"name":"(anonymous_4)","decl":{"start":{"line":56,"column":21},"end":{"line":56,"column":22}},"loc":{"start":{"line":57,"column":12},"end":{"line":84,"column":18}},"line":57},"5":{"name":"(anonymous_5)","decl":{"start":{"line":77,"column":31},"end":{"line":77,"column":32}},"loc":{"start":{"line":77,"column":37},"end":{"line":77,"column":68}},"line":77}},"branchMap":{"0":{"loc":{"start":{"line":47,"column":4},"end":{"line":49,"column":5}},"type":"if","locations":[{"start":{"line":47,"column":4},"end":{"line":49,"column":5}},{"start":{},"end":{}}],"line":47},"1":{"loc":{"start":{"line":47,"column":8},"end":{"line":47,"column":26}},"type":"binary-expr","locations":[{"start":{"line":47,"column":8},"end":{"line":47,"column":16}},{"start":{"line":47,"column":20},"end":{"line":47,"column":26}}],"line":47},"2":{"loc":{"start":{"line":54,"column":7},"end":{"line":89,"column":7}},"type":"cond-expr","locations":[{"start":{"line":55,"column":8},"end":{"line":86,"column":14}},{"start":{"line":88,"column":8},"end":{"line":88,"column":64}}],"line":54},"3":{"loc":{"start":{"line":54,"column":7},"end":{"line":54,"column":32}},"type":"binary-expr","locations":[{"start":{"line":54,"column":7},"end":{"line":54,"column":12}},{"start":{"line":54,"column":16},"end":{"line":54,"column":32}}],"line":54},"4":{"loc":{"start":{"line":67,"column":17},"end":{"line":82,"column":17}},"type":"binary-expr","locations":[{"start":{"line":67,"column":17},"end":{"line":67,"column":27}},{"start":{"line":67,"column":31},"end":{"line":67,"column":51}},{"start":{"line":68,"column":18},"end":{"line":81,"column":21}}],"line":67}},"s":{"0":6,"1":4,"2":8,"3":4,"4":8,"5":4,"6":1,"7":1,"8":1,"9":1,"10":4,"11":3,"12":1},"f":{"0":4,"1":8,"2":8,"3":1,"4":3,"5":1},"b":{"0":[1,0],"1":[1,1],"2":[3,1],"3":[4,4],"4":[3,3,2]},"_coverageSchema":"1a1c01bbd47fc00a2c39e90264f33305004495a9","hash":"e6e5bf44298ed6f79c37da777ec1948653b97ee9"}
,"C:\\Users\\AliM78\\Desktop\\React Projects\\Blog_Dashboard_TS\\src\\components\\PostsList\\index.ts": {"path":"C:\\Users\\AliM78\\Desktop\\React Projects\\Blog_Dashboard_TS\\src\\components\\PostsList\\index.ts","statementMap":{},"fnMap":{},"branchMap":{},"s":{},"f":{},"b":{},"_coverageSchema":"1a1c01bbd47fc00a2c39e90264f33305004495a9","hash":"c09bd7d5ef3f73afffa1c5599d28aaddca3d4a12"}
,"C:\\Users\\AliM78\\Desktop\\React Projects\\Blog_Dashboard_TS\\src\\components\\PostsNav\\PostsNav.tsx": {"path":"C:\\Users\\AliM78\\Desktop\\React Projects\\Blog_Dashboard_TS\\src\\components\\PostsNav\\PostsNav.tsx","statementMap":{"0":{"start":{"line":13,"column":27},"end":{"line":43,"column":1}},"1":{"start":{"line":14,"column":2},"end":{"line":42,"column":4}},"2":{"start":{"line":22,"column":16},"end":{"line":22,"column":53}},"3":{"start":{"line":33,"column":16},"end":{"line":33,"column":53}}},"fnMap":{"0":{"name":"(anonymous_0)","decl":{"start":{"line":13,"column":27},"end":{"line":13,"column":28}},"loc":{"start":{"line":13,"column":33},"end":{"line":43,"column":1}},"line":13},"1":{"name":"(anonymous_1)","decl":{"start":{"line":21,"column":25},"end":{"line":21,"column":26}},"loc":{"start":{"line":22,"column":16},"end":{"line":22,"column":53}},"line":22},"2":{"name":"(anonymous_2)","decl":{"start":{"line":32,"column":25},"end":{"line":32,"column":26}},"loc":{"start":{"line":33,"column":16},"end":{"line":33,"column":53}},"line":33}},"branchMap":{"0":{"loc":{"start":{"line":22,"column":16},"end":{"line":22,"column":53}},"type":"cond-expr","locations":[{"start":{"line":22,"column":27},"end":{"line":22,"column":41}},{"start":{"line":22,"column":44},"end":{"line":22,"column":53}}],"line":22},"1":{"loc":{"start":{"line":33,"column":16},"end":{"line":33,"column":53}},"type":"cond-expr","locations":[{"start":{"line":33,"column":27},"end":{"line":33,"column":41}},{"start":{"line":33,"column":44},"end":{"line":33,"column":53}}],"line":33}},"s":{"0":6,"1":6,"2":6,"3":6},"f":{"0":6,"1":6,"2":6},"b":{"0":[5,1],"1":[1,5]},"_coverageSchema":"1a1c01bbd47fc00a2c39e90264f33305004495a9","hash":"a0f9fc61448f13db623797fb55fe6acb528d2c69"}
,"C:\\Users\\AliM78\\Desktop\\React Projects\\Blog_Dashboard_TS\\src\\components\\PostsNav\\index.ts": {"path":"C:\\Users\\AliM78\\Desktop\\React Projects\\Blog_Dashboard_TS\\src\\components\\PostsNav\\index.ts","statementMap":{},"fnMap":{},"branchMap":{},"s":{},"f":{},"b":{},"_coverageSchema":"1a1c01bbd47fc00a2c39e90264f33305004495a9","hash":"f094ecd6f32cdb86b62167434274c08ffc2f6eae"}
,"C:\\Users\\AliM78\\Desktop\\React Projects\\Blog_Dashboard_TS\\src\\components\\ProfileInfo\\ProfileInfo.tsx": {"path":"C:\\Users\\AliM78\\Desktop\\React Projects\\Blog_Dashboard_TS\\src\\components\\ProfileInfo\\ProfileInfo.tsx","statementMap":{"0":{"start":{"line":15,"column":30},"end":{"line":79,"column":1}},"1":{"start":{"line":21,"column":22},"end":{"line":21,"column":74}},"2":{"start":{"line":21,"column":56},"end":{"line":21,"column":73}},"3":{"start":{"line":26,"column":46},"end":{"line":29,"column":3}},"4":{"start":{"line":34,"column":2},"end":{"line":36,"column":3}},"5":{"start":{"line":35,"column":4},"end":{"line":35,"column":35}},"6":{"start":{"line":39,"column":2},"end":{"line":48,"column":3}},"7":{"start":{"line":40,"column":4},"end":{"line":47,"column":6}},"8":{"start":{"line":51,"column":2},"end":{"line":71,"column":3}},"9":{"start":{"line":52,"column":4},"end":{"line":70,"column":6}},"10":{"start":{"line":73,"column":2},"end":{"line":78,"column":4}}},"fnMap":{"0":{"name":"(anonymous_0)","decl":{"start":{"line":15,"column":30},"end":{"line":15,"column":31}},"loc":{"start":{"line":15,"column":36},"end":{"line":79,"column":1}},"line":15},"1":{"name":"(anonymous_1)","decl":{"start":{"line":21,"column":34},"end":{"line":21,"column":35}},"loc":{"start":{"line":21,"column":56},"end":{"line":21,"column":73}},"line":21}},"branchMap":{"0":{"loc":{"start":{"line":27,"column":4},"end":{"line":27,"column":26}},"type":"binary-expr","locations":[{"start":{"line":27,"column":4},"end":{"line":27,"column":20}},{"start":{"line":27,"column":24},"end":{"line":27,"column":26}}],"line":27},"1":{"loc":{"start":{"line":34,"column":2},"end":{"line":36,"column":3}},"type":"if","locations":[{"start":{"line":34,"column":2},"end":{"line":36,"column":3}},{"start":{},"end":{}}],"line":34},"2":{"loc":{"start":{"line":39,"column":2},"end":{"line":48,"column":3}},"type":"if","locations":[{"start":{"line":39,"column":2},"end":{"line":48,"column":3}},{"start":{},"end":{}}],"line":39},"3":{"loc":{"start":{"line":43,"column":17},"end":{"line":43,"column":69}},"type":"binary-expr","locations":[{"start":{"line":43,"column":17},"end":{"line":43,"column":31}},{"start":{"line":43,"column":35},"end":{"line":43,"column":69}}],"line":43},"4":{"loc":{"start":{"line":51,"column":2},"end":{"line":71,"column":3}},"type":"if","locations":[{"start":{"line":51,"column":2},"end":{"line":71,"column":3}},{"start":{},"end":{}}],"line":51}},"s":{"0":5,"1":3,"2":6,"3":3,"4":3,"5":1,"6":3,"7":1,"8":3,"9":1,"10":3},"f":{"0":3,"1":6},"b":{"0":[3,0],"1":[1,2],"2":[1,2],"3":[1,0],"4":[1,2]},"_coverageSchema":"1a1c01bbd47fc00a2c39e90264f33305004495a9","hash":"e375563234df10f38469579e39e9429c987c8d29"}
,"C:\\Users\\AliM78\\Desktop\\React Projects\\Blog_Dashboard_TS\\src\\components\\ProfileInfo\\index.ts": {"path":"C:\\Users\\AliM78\\Desktop\\React Projects\\Blog_Dashboard_TS\\src\\components\\ProfileInfo\\index.ts","statementMap":{},"fnMap":{},"branchMap":{},"s":{},"f":{},"b":{},"_coverageSchema":"1a1c01bbd47fc00a2c39e90264f33305004495a9","hash":"797f7ebf86496801cca587c8bb48c22ad394c920"}
,"C:\\Users\\AliM78\\Desktop\\React Projects\\Blog_Dashboard_TS\\src\\firebase\\auth.ts": {"path":"C:\\Users\\AliM78\\Desktop\\React Projects\\Blog_Dashboard_TS\\src\\firebase\\auth.ts","statementMap":{"0":{"start":{"line":17,"column":31},"end":{"line":17,"column":68}},"1":{"start":{"line":18,"column":2},"end":{"line":18,"column":30}},"2":{"start":{"line":29,"column":22},"end":{"line":31,"column":1}},"3":{"start":{"line":30,"column":2},"end":{"line":30,"column":73}},"4":{"start":{"line":41,"column":21},"end":{"line":43,"column":1}},"5":{"start":{"line":42,"column":2},"end":{"line":42,"column":69}},"6":{"start":{"line":52,"column":22},"end":{"line":54,"column":1}},"7":{"start":{"line":53,"column":2},"end":{"line":53,"column":24}}},"fnMap":{"0":{"name":"getAuthToken","decl":{"start":{"line":16,"column":16},"end":{"line":16,"column":28}},"loc":{"start":{"line":16,"column":46},"end":{"line":19,"column":1}},"line":16},"1":{"name":"(anonymous_1)","decl":{"start":{"line":29,"column":22},"end":{"line":29,"column":23}},"loc":{"start":{"line":29,"column":73},"end":{"line":31,"column":1}},"line":29},"2":{"name":"(anonymous_2)","decl":{"start":{"line":41,"column":21},"end":{"line":41,"column":22}},"loc":{"start":{"line":41,"column":72},"end":{"line":43,"column":1}},"line":41},"3":{"name":"(anonymous_3)","decl":{"start":{"line":52,"column":22},"end":{"line":52,"column":23}},"loc":{"start":{"line":52,"column":43},"end":{"line":54,"column":1}},"line":52}},"branchMap":{"0":{"loc":{"start":{"line":18,"column":9},"end":{"line":18,"column":29}},"type":"cond-expr","locations":[{"start":{"line":18,"column":17},"end":{"line":18,"column":22}},{"start":{"line":18,"column":25},"end":{"line":18,"column":29}}],"line":18}},"s":{"0":2,"1":2,"2":7,"3":1,"4":7,"5":1,"6":7,"7":1},"f":{"0":2,"1":1,"2":1,"3":1},"b":{"0":[1,1]},"_coverageSchema":"1a1c01bbd47fc00a2c39e90264f33305004495a9","hash":"3b44962f522e49f176835616d32737b9dcedcb6e"}
,"C:\\Users\\AliM78\\Desktop\\React Projects\\Blog_Dashboard_TS\\src\\firebase\\firebase.ts": {"path":"C:\\Users\\AliM78\\Desktop\\React Projects\\Blog_Dashboard_TS\\src\\firebase\\firebase.ts","statementMap":{"0":{"start":{"line":11,"column":23},"end":{"line":20,"column":1}},"1":{"start":{"line":28,"column":12},"end":{"line":28,"column":41}},"2":{"start":{"line":36,"column":13},"end":{"line":36,"column":25}}},"fnMap":{},"branchMap":{},"s":{"0":6,"1":6,"2":6},"f":{},"b":{},"_coverageSchema":"1a1c01bbd47fc00a2c39e90264f33305004495a9","hash":"f3778ca8489eb2750218f01fb5f144c15564c357"}
,"C:\\Users\\AliM78\\Desktop\\React Projects\\Blog_Dashboard_TS\\src\\firebase\\index.ts": {"path":"C:\\Users\\AliM78\\Desktop\\React Projects\\Blog_Dashboard_TS\\src\\firebase\\index.ts","statementMap":{},"fnMap":{},"branchMap":{},"s":{},"f":{},"b":{},"_coverageSchema":"1a1c01bbd47fc00a2c39e90264f33305004495a9","hash":"0298ee98e86e10a226a6e7223b44aed6b798a235"}
,"C:\\Users\\AliM78\\Desktop\\React Projects\\Blog_Dashboard_TS\\src\\queries\\authMutations.ts": {"path":"C:\\Users\\AliM78\\Desktop\\React Projects\\Blog_Dashboard_TS\\src\\queries\\authMutations.ts","statementMap":{"0":{"start":{"line":17,"column":2},"end":{"line":20,"column":5}},"1":{"start":{"line":30,"column":2},"end":{"line":40,"column":5}},"2":{"start":{"line":33,"column":27},"end":{"line":33,"column":38}},"3":{"start":{"line":34,"column":6},"end":{"line":36,"column":7}},"4":{"start":{"line":35,"column":8},"end":{"line":35,"column":64}},"5":{"start":{"line":37,"column":29},"end":{"line":37,"column":48}},"6":{"start":{"line":38,"column":6},"end":{"line":38,"column":61}},"7":{"start":{"line":48,"column":19},"end":{"line":48,"column":32}},"8":{"start":{"line":49,"column":2},"end":{"line":54,"column":5}},"9":{"start":{"line":52,"column":6},"end":{"line":52,"column":29}},"10":{"start":{"line":62,"column":19},"end":{"line":62,"column":32}},"11":{"start":{"line":63,"column":2},"end":{"line":68,"column":5}},"12":{"start":{"line":66,"column":6},"end":{"line":66,"column":29}}},"fnMap":{"0":{"name":"useLogoutMutation","decl":{"start":{"line":16,"column":16},"end":{"line":16,"column":33}},"loc":{"start":{"line":16,"column":58},"end":{"line":21,"column":1}},"line":16},"1":{"name":"useSignUpMutation","decl":{"start":{"line":27,"column":16},"end":{"line":27,"column":33}},"loc":{"start":{"line":29,"column":2},"end":{"line":41,"column":1}},"line":29},"2":{"name":"(anonymous_2)","decl":{"start":{"line":32,"column":15},"end":{"line":32,"column":16}},"loc":{"start":{"line":32,"column":37},"end":{"line":39,"column":5}},"line":32},"3":{"name":"useSignInMutation","decl":{"start":{"line":47,"column":16},"end":{"line":47,"column":33}},"loc":{"start":{"line":47,"column":36},"end":{"line":55,"column":1}},"line":47},"4":{"name":"(anonymous_4)","decl":{"start":{"line":51,"column":15},"end":{"line":51,"column":16}},"loc":{"start":{"line":51,"column":21},"end":{"line":53,"column":5}},"line":51},"5":{"name":"useStoreUserDataMutation","decl":{"start":{"line":61,"column":16},"end":{"line":61,"column":40}},"loc":{"start":{"line":61,"column":43},"end":{"line":69,"column":1}},"line":61},"6":{"name":"(anonymous_6)","decl":{"start":{"line":65,"column":15},"end":{"line":65,"column":16}},"loc":{"start":{"line":65,"column":21},"end":{"line":67,"column":5}},"line":65}},"branchMap":{"0":{"loc":{"start":{"line":34,"column":6},"end":{"line":36,"column":7}},"type":"if","locations":[{"start":{"line":34,"column":6},"end":{"line":36,"column":7}},{"start":{},"end":{}}],"line":34}},"s":{"0":0,"1":0,"2":0,"3":0,"4":0,"5":0,"6":0,"7":0,"8":0,"9":0,"10":0,"11":0,"12":0},"f":{"0":0,"1":0,"2":0,"3":0,"4":0,"5":0,"6":0},"b":{"0":[0,0]},"_coverageSchema":"1a1c01bbd47fc00a2c39e90264f33305004495a9","hash":"ee70f0bb2a393bddd2d8dfc3a75447dcea6105c4"}
,"C:\\Users\\AliM78\\Desktop\\React Projects\\Blog_Dashboard_TS\\src\\queries\\index.ts": {"path":"C:\\Users\\AliM78\\Desktop\\React Projects\\Blog_Dashboard_TS\\src\\queries\\index.ts","statementMap":{},"fnMap":{},"branchMap":{},"s":{},"f":{},"b":{},"_coverageSchema":"1a1c01bbd47fc00a2c39e90264f33305004495a9","hash":"ef7c9c4b220ff4473c6eb3dd9f923ae2cdc274e4"}
,"C:\\Users\\AliM78\\Desktop\\React Projects\\Blog_Dashboard_TS\\src\\queries\\postMutations.ts": {"path":"C:\\Users\\AliM78\\Desktop\\React Projects\\Blog_Dashboard_TS\\src\\queries\\postMutations.ts","statementMap":{"0":{"start":{"line":16,"column":19},"end":{"line":16,"column":32}},"1":{"start":{"line":17,"column":2},"end":{"line":23,"column":5}},"2":{"start":{"line":20,"column":6},"end":{"line":20,"column":61}},"3":{"start":{"line":21,"column":6},"end":{"line":21,"column":29}},"4":{"start":{"line":30,"column":19},"end":{"line":30,"column":32}},"5":{"start":{"line":31,"column":2},"end":{"line":41,"column":5}},"6":{"start":{"line":38,"column":6},"end":{"line":38,"column":61}},"7":{"start":{"line":39,"column":6},"end":{"line":39,"column":29}},"8":{"start":{"line":49,"column":19},"end":{"line":49,"column":32}},"9":{"start":{"line":50,"column":2},"end":{"line":56,"column":5}},"10":{"start":{"line":53,"column":6},"end":{"line":53,"column":61}},"11":{"start":{"line":54,"column":6},"end":{"line":54,"column":29}}},"fnMap":{"0":{"name":"useCreateNewPostMutation","decl":{"start":{"line":15,"column":16},"end":{"line":15,"column":40}},"loc":{"start":{"line":15,"column":43},"end":{"line":24,"column":1}},"line":15},"1":{"name":"(anonymous_1)","decl":{"start":{"line":19,"column":15},"end":{"line":19,"column":16}},"loc":{"start":{"line":19,"column":21},"end":{"line":22,"column":5}},"line":19},"2":{"name":"useUpdatePostMutation","decl":{"start":{"line":29,"column":16},"end":{"line":29,"column":37}},"loc":{"start":{"line":29,"column":40},"end":{"line":42,"column":1}},"line":29},"3":{"name":"(anonymous_3)","decl":{"start":{"line":37,"column":15},"end":{"line":37,"column":16}},"loc":{"start":{"line":37,"column":21},"end":{"line":40,"column":5}},"line":37},"4":{"name":"useDeletePostMutation","decl":{"start":{"line":48,"column":16},"end":{"line":48,"column":37}},"loc":{"start":{"line":48,"column":40},"end":{"line":57,"column":1}},"line":48},"5":{"name":"(anonymous_5)","decl":{"start":{"line":52,"column":15},"end":{"line":52,"column":16}},"loc":{"start":{"line":52,"column":21},"end":{"line":55,"column":5}},"line":52}},"branchMap":{},"s":{"0":0,"1":0,"2":0,"3":0,"4":0,"5":0,"6":0,"7":0,"8":0,"9":0,"10":0,"11":0},"f":{"0":0,"1":0,"2":0,"3":0,"4":0,"5":0},"b":{},"_coverageSchema":"1a1c01bbd47fc00a2c39e90264f33305004495a9","hash":"ecd52ca4d5e4623d0f22a860291b23d3c38fd78c"}
,"C:\\Users\\AliM78\\Desktop\\React Projects\\Blog_Dashboard_TS\\src\\queries\\postQueries.ts": {"path":"C:\\Users\\AliM78\\Desktop\\React Projects\\Blog_Dashboard_TS\\src\\queries\\postQueries.ts","statementMap":{"0":{"start":{"line":14,"column":2},"end":{"line":17,"column":5}},"1":{"start":{"line":26,"column":2},"end":{"line":30,"column":5}},"2":{"start":{"line":28,"column":19},"end":{"line":28,"column":49}},"3":{"start":{"line":41,"column":2},"end":{"line":50,"column":5}},"4":{"start":{"line":44,"column":6},"end":{"line":46,"column":7}},"5":{"start":{"line":45,"column":8},"end":{"line":45,"column":59}},"6":{"start":{"line":47,"column":6},"end":{"line":47,"column":51}}},"fnMap":{"0":{"name":"useAllPostsQuery","decl":{"start":{"line":13,"column":16},"end":{"line":13,"column":32}},"loc":{"start":{"line":13,"column":35},"end":{"line":18,"column":1}},"line":13},"1":{"name":"useUserPostsQuery","decl":{"start":{"line":25,"column":16},"end":{"line":25,"column":33}},"loc":{"start":{"line":25,"column":68},"end":{"line":31,"column":1}},"line":25},"2":{"name":"(anonymous_2)","decl":{"start":{"line":28,"column":13},"end":{"line":28,"column":14}},"loc":{"start":{"line":28,"column":19},"end":{"line":28,"column":49}},"line":28},"3":{"name":"usePostByPostIdQuery","decl":{"start":{"line":36,"column":16},"end":{"line":36,"column":36}},"loc":{"start":{"line":40,"column":2},"end":{"line":51,"column":1}},"line":40},"4":{"name":"(anonymous_4)","decl":{"start":{"line":43,"column":13},"end":{"line":43,"column":14}},"loc":{"start":{"line":43,"column":19},"end":{"line":48,"column":5}},"line":43}},"branchMap":{"0":{"loc":{"start":{"line":44,"column":6},"end":{"line":46,"column":7}},"type":"if","locations":[{"start":{"line":44,"column":6},"end":{"line":46,"column":7}},{"start":{},"end":{}}],"line":44},"1":{"loc":{"start":{"line":44,"column":10},"end":{"line":44,"column":28}},"type":"binary-expr","locations":[{"start":{"line":44,"column":10},"end":{"line":44,"column":17}},{"start":{"line":44,"column":21},"end":{"line":44,"column":28}}],"line":44}},"s":{"0":0,"1":0,"2":0,"3":0,"4":0,"5":0,"6":0},"f":{"0":0,"1":0,"2":0,"3":0,"4":0},"b":{"0":[0,0],"1":[0,0]},"_coverageSchema":"1a1c01bbd47fc00a2c39e90264f33305004495a9","hash":"71e792d9bc148d20212101479a316ca35704f6e4"}
,"C:\\Users\\AliM78\\Desktop\\React Projects\\Blog_Dashboard_TS\\src\\queries\\userQuery.ts": {"path":"C:\\Users\\AliM78\\Desktop\\React Projects\\Blog_Dashboard_TS\\src\\queries\\userQuery.ts","statementMap":{"0":{"start":{"line":10,"column":2},"end":{"line":14,"column":5}},"1":{"start":{"line":12,"column":19},"end":{"line":12,"column":44}}},"fnMap":{"0":{"name":"useUserProfileQuery","decl":{"start":{"line":9,"column":16},"end":{"line":9,"column":35}},"loc":{"start":{"line":9,"column":70},"end":{"line":15,"column":1}},"line":9},"1":{"name":"(anonymous_1)","decl":{"start":{"line":12,"column":13},"end":{"line":12,"column":14}},"loc":{"start":{"line":12,"column":19},"end":{"line":12,"column":44}},"line":12}},"branchMap":{},"s":{"0":0,"1":0},"f":{"0":0,"1":0},"b":{},"_coverageSchema":"1a1c01bbd47fc00a2c39e90264f33305004495a9","hash":"e3eb94dc8458e7a05ba811f403ad0363a7a8ddeb"}
,"C:\\Users\\AliM78\\Desktop\\React Projects\\Blog_Dashboard_TS\\src\\store\\authSlice.ts": {"path":"C:\\Users\\AliM78\\Desktop\\React Projects\\Blog_Dashboard_TS\\src\\store\\authSlice.ts","statementMap":{"0":{"start":{"line":7,"column":33},"end":{"line":11,"column":1}},"1":{"start":{"line":16,"column":25},"end":{"line":54,"column":2}},"2":{"start":{"line":32,"column":6},"end":{"line":32,"column":61}},"3":{"start":{"line":33,"column":6},"end":{"line":33,"column":53}},"4":{"start":{"line":41,"column":6},"end":{"line":41,"column":36}},"5":{"start":{"line":42,"column":6},"end":{"line":42,"column":31}},"6":{"start":{"line":51,"column":6},"end":{"line":51,"column":37}}},"fnMap":{"0":{"name":"(anonymous_0)","decl":{"start":{"line":25,"column":4},"end":{"line":25,"column":5}},"loc":{"start":{"line":31,"column":6},"end":{"line":34,"column":5}},"line":31},"1":{"name":"(anonymous_1)","decl":{"start":{"line":40,"column":4},"end":{"line":40,"column":5}},"loc":{"start":{"line":40,"column":21},"end":{"line":43,"column":5}},"line":40},"2":{"name":"(anonymous_2)","decl":{"start":{"line":50,"column":4},"end":{"line":50,"column":5}},"loc":{"start":{"line":50,"column":54},"end":{"line":52,"column":5}},"line":50}},"branchMap":{},"s":{"0":6,"1":6,"2":1,"3":1,"4":1,"5":1,"6":1},"f":{"0":1,"1":1,"2":1},"b":{},"_coverageSchema":"1a1c01bbd47fc00a2c39e90264f33305004495a9","hash":"2c1325792dec437e616cde97c4090bbc355bba35"}
,"C:\\Users\\AliM78\\Desktop\\React Projects\\Blog_Dashboard_TS\\src\\store\\index.ts": {"path":"C:\\Users\\AliM78\\Desktop\\React Projects\\Blog_Dashboard_TS\\src\\store\\index.ts","statementMap":{"0":{"start":{"line":10,"column":27},"end":{"line":10,"column":44}},"1":{"start":{"line":15,"column":27},"end":{"line":15,"column":44}},"2":{"start":{"line":26,"column":21},"end":{"line":28,"column":2}},"3":{"start":{"line":46,"column":32},"end":{"line":74,"column":4}},"4":{"start":{"line":47,"column":2},"end":{"line":74,"column":4}},"5":{"start":{"line":48,"column":4},"end":{"line":70,"column":5}},"6":{"start":{"line":53,"column":32},"end":{"line":56,"column":7}},"7":{"start":{"line":59,"column":20},"end":{"line":59,"column":43}},"8":{"start":{"line":60,"column":6},"end":{"line":60,"column":51}},"9":{"start":{"line":63,"column":6},"end":{"line":65,"column":8}},"10":{"start":{"line":68,"column":6},"end":{"line":68,"column":47}},"11":{"start":{"line":69,"column":6},"end":{"line":69,"column":46}},"12":{"start":{"line":73,"column":4},"end":{"line":73,"column":50}}},"fnMap":{"0":{"name":"(anonymous_0)","decl":{"start":{"line":46,"column":32},"end":{"line":46,"column":33}},"loc":{"start":{"line":47,"column":2},"end":{"line":74,"column":4}},"line":47},"1":{"name":"(anonymous_1)","decl":{"start":{"line":47,"column":27},"end":{"line":47,"column":28}},"loc":{"start":{"line":47,"column":43},"end":{"line":74,"column":3}},"line":47}},"branchMap":{"0":{"loc":{"start":{"line":48,"column":4},"end":{"line":70,"column":5}},"type":"if","locations":[{"start":{"line":48,"column":4},"end":{"line":70,"column":5}},{"start":{"line":66,"column":11},"end":{"line":70,"column":5}}],"line":48}},"s":{"0":5,"1":5,"2":5,"3":5,"4":0,"5":0,"6":0,"7":0,"8":0,"9":0,"10":0,"11":0,"12":0},"f":{"0":0,"1":0},"b":{"0":[0,0]},"_coverageSchema":"1a1c01bbd47fc00a2c39e90264f33305004495a9","hash":"f217b1e41210bbaeeb99e6f18f0e70c4523138dd"}
,"C:\\Users\\AliM78\\Desktop\\React Projects\\Blog_Dashboard_TS\\src\\utils\\errorsMessages.ts": {"path":"C:\\Users\\AliM78\\Desktop\\React Projects\\Blog_Dashboard_TS\\src\\utils\\errorsMessages.ts","statementMap":{"0":{"start":{"line":1,"column":54},"end":{"line":7,"column":1}}},"fnMap":{},"branchMap":{},"s":{"0":6},"f":{},"b":{},"_coverageSchema":"1a1c01bbd47fc00a2c39e90264f33305004495a9","hash":"49d68b4764bf07d798e585539e9be10315fe3905"}
,"C:\\Users\\AliM78\\Desktop\\React Projects\\Blog_Dashboard_TS\\src\\utils\\index.ts": {"path":"C:\\Users\\AliM78\\Desktop\\React Projects\\Blog_Dashboard_TS\\src\\utils\\index.ts","statementMap":{},"fnMap":{},"branchMap":{},"s":{},"f":{},"b":{},"_coverageSchema":"1a1c01bbd47fc00a2c39e90264f33305004495a9","hash":"61b274a145ea85fd21c4b9cb1f48679caff05ca2"}
,"C:\\Users\\AliM78\\Desktop\\React Projects\\Blog_Dashboard_TS\\src\\utils\\requests.ts": {"path":"C:\\Users\\AliM78\\Desktop\\React Projects\\Blog_Dashboard_TS\\src\\utils\\requests.ts","statementMap":{"0":{"start":{"line":16,"column":27},"end":{"line":16,"column":44}},"1":{"start":{"line":24,"column":13},"end":{"line":24,"column":26}},"2":{"start":{"line":25,"column":19},"end":{"line":25,"column":36}},"3":{"start":{"line":26,"column":19},"end":{"line":26,"column":38}},"4":{"start":{"line":27,"column":2},"end":{"line":38,"column":3}},"5":{"start":{"line":28,"column":30},"end":{"line":28,"column":44}},"6":{"start":{"line":29,"column":40},"end":{"line":36,"column":5}},"7":{"start":{"line":31,"column":8},"end":{"line":35,"column":11}},"8":{"start":{"line":31,"column":54},"end":{"line":35,"column":9}},"9":{"start":{"line":37,"column":4},"end":{"line":37,"column":22}},"10":{"start":{"line":39,"column":2},"end":{"line":39,"column":12}},"11":{"start":{"line":53,"column":13},"end":{"line":53,"column":26}},"12":{"start":{"line":54,"column":19},"end":{"line":54,"column":45}},"13":{"start":{"line":55,"column":19},"end":{"line":55,"column":38}},"14":{"start":{"line":56,"column":2},"end":{"line":62,"column":3}},"15":{"start":{"line":57,"column":28},"end":{"line":57,"column":42}},"16":{"start":{"line":58,"column":4},"end":{"line":61,"column":8}},"17":{"start":{"line":58,"column":53},"end":{"line":61,"column":5}},"18":{"start":{"line":63,"column":2},"end":{"line":63,"column":12}},"19":{"start":{"line":79,"column":13},"end":{"line":79,"column":26}},"20":{"start":{"line":80,"column":19},"end":{"line":80,"column":55}},"21":{"start":{"line":81,"column":19},"end":{"line":81,"column":38}},"22":{"start":{"line":82,"column":2},"end":{"line":82,"column":65}},"23":{"start":{"line":96,"column":13},"end":{"line":96,"column":26}},"24":{"start":{"line":97,"column":18},"end":{"line":97,"column":44}},"25":{"start":{"line":98,"column":19},"end":{"line":98,"column":37}},"26":{"start":{"line":99,"column":2},"end":{"line":101,"column":11}},"27":{"start":{"line":116,"column":13},"end":{"line":116,"column":26}},"28":{"start":{"line":117,"column":18},"end":{"line":117,"column":44}},"29":{"start":{"line":118,"column":21},"end":{"line":118,"column":34}},"30":{"start":{"line":119,"column":2},"end":{"line":119,"column":38}},"31":{"start":{"line":134,"column":13},"end":{"line":134,"column":26}},"32":{"start":{"line":135,"column":18},"end":{"line":135,"column":44}},"33":{"start":{"line":136,"column":21},"end":{"line":136,"column":34}},"34":{"start":{"line":137,"column":2},"end":{"line":137,"column":30}},"35":{"start":{"line":154,"column":13},"end":{"line":154,"column":26}},"36":{"start":{"line":155,"column":18},"end":{"line":155,"column":54}},"37":{"start":{"line":156,"column":2},"end":{"line":156,"column":27}},"38":{"start":{"line":171,"column":13},"end":{"line":171,"column":26}},"39":{"start":{"line":172,"column":18},"end":{"line":172,"column":54}},"40":{"start":{"line":173,"column":2},"end":{"line":173,"column":24}}},"fnMap":{"0":{"name":"fetchPosts","decl":{"start":{"line":23,"column":22},"end":{"line":23,"column":32}},"loc":{"start":{"line":23,"column":61},"end":{"line":40,"column":1}},"line":23},"1":{"name":"(anonymous_1)","decl":{"start":{"line":30,"column":6},"end":{"line":30,"column":7}},"loc":{"start":{"line":31,"column":8},"end":{"line":35,"column":11}},"line":31},"2":{"name":"(anonymous_2)","decl":{"start":{"line":31,"column":37},"end":{"line":31,"column":38}},"loc":{"start":{"line":31,"column":54},"end":{"line":35,"column":9}},"line":31},"3":{"name":"fetchPostsByUserId","decl":{"start":{"line":48,"column":22},"end":{"line":48,"column":40}},"loc":{"start":{"line":52,"column":29},"end":{"line":64,"column":1}},"line":52},"4":{"name":"(anonymous_4)","decl":{"start":{"line":58,"column":36},"end":{"line":58,"column":37}},"loc":{"start":{"line":58,"column":53},"end":{"line":61,"column":5}},"line":58},"5":{"name":"fetchPostByPostId","decl":{"start":{"line":72,"column":22},"end":{"line":72,"column":39}},"loc":{"start":{"line":78,"column":29},"end":{"line":83,"column":1}},"line":78},"6":{"name":"fetchUserInfo","decl":{"start":{"line":91,"column":22},"end":{"line":91,"column":35}},"loc":{"start":{"line":95,"column":29},"end":{"line":102,"column":1}},"line":95},"7":{"name":"storeUserData","decl":{"start":{"line":109,"column":22},"end":{"line":109,"column":35}},"loc":{"start":{"line":115,"column":18},"end":{"line":120,"column":1}},"line":115},"8":{"name":"createNewPost","decl":{"start":{"line":127,"column":22},"end":{"line":127,"column":35}},"loc":{"start":{"line":133,"column":18},"end":{"line":138,"column":1}},"line":133},"9":{"name":"updatePost","decl":{"start":{"line":145,"column":22},"end":{"line":145,"column":32}},"loc":{"start":{"line":153,"column":18},"end":{"line":157,"column":1}},"line":153},"10":{"name":"deletePost","decl":{"start":{"line":164,"column":22},"end":{"line":164,"column":32}},"loc":{"start":{"line":170,"column":18},"end":{"line":174,"column":1}},"line":170}},"branchMap":{"0":{"loc":{"start":{"line":27,"column":2},"end":{"line":38,"column":3}},"type":"if","locations":[{"start":{"line":27,"column":2},"end":{"line":38,"column":3}},{"start":{},"end":{}}],"line":27},"1":{"loc":{"start":{"line":56,"column":2},"end":{"line":62,"column":3}},"type":"if","locations":[{"start":{"line":56,"column":2},"end":{"line":62,"column":3}},{"start":{},"end":{}}],"line":56},"2":{"loc":{"start":{"line":82,"column":9},"end":{"line":82,"column":64}},"type":"cond-expr","locations":[{"start":{"line":82,"column":30},"end":{"line":82,"column":56}},{"start":{"line":82,"column":60},"end":{"line":82,"column":64}}],"line":82},"3":{"loc":{"start":{"line":99,"column":9},"end":{"line":101,"column":10}},"type":"cond-expr","locations":[{"start":{"line":100,"column":7},"end":{"line":100,"column":51}},{"start":{"line":101,"column":6},"end":{"line":101,"column":10}}],"line":99}},"s":{"0":7,"1":2,"2":2,"3":2,"4":2,"5":1,"6":1,"7":1,"8":2,"9":1,"10":1,"11":1,"12":1,"13":1,"14":1,"15":1,"16":1,"17":1,"18":0,"19":1,"20":1,"21":1,"22":1,"23":2,"24":2,"25":2,"26":2,"27":1,"28":1,"29":1,"30":1,"31":1,"32":1,"33":1,"34":1,"35":1,"36":1,"37":1,"38":1,"39":1,"40":1},"f":{"0":2,"1":1,"2":2,"3":1,"4":1,"5":1,"6":2,"7":1,"8":1,"9":1,"10":1},"b":{"0":[1,1],"1":[1,0],"2":[1,0],"3":[1,1]},"_coverageSchema":"1a1c01bbd47fc00a2c39e90264f33305004495a9","hash":"14fa79cd51e54eeb314152847f80c01d2bc575ec"}
,"C:\\Users\\AliM78\\Desktop\\React Projects\\Blog_Dashboard_TS\\src\\utils\\types.ts": {"path":"C:\\Users\\AliM78\\Desktop\\React Projects\\Blog_Dashboard_TS\\src\\utils\\types.ts","statementMap":{},"fnMap":{},"branchMap":{},"s":{},"f":{},"b":{},"_coverageSchema":"1a1c01bbd47fc00a2c39e90264f33305004495a9","hash":"ea975b95f7d14691c1118e2e8c50f91d83ac7b4b"}
,"C:\\Users\\AliM78\\Desktop\\React Projects\\Blog_Dashboard_TS\\src\\utils\\validation.ts": {"path":"C:\\Users\\AliM78\\Desktop\\React Projects\\Blog_Dashboard_TS\\src\\utils\\validation.ts","statementMap":{"0":{"start":{"line":10,"column":44},"end":{"line":10,"column":46}},"1":{"start":{"line":12,"column":2},"end":{"line":15,"column":3}},"2":{"start":{"line":13,"column":4},"end":{"line":14,"column":69}},"3":{"start":{"line":17,"column":2},"end":{"line":23,"column":3}},"4":{"start":{"line":18,"column":4},"end":{"line":18,"column":52}},"5":{"start":{"line":20,"column":4},"end":{"line":22,"column":5}},"6":{"start":{"line":21,"column":6},"end":{"line":21,"column":62}},"7":{"start":{"line":25,"column":2},"end":{"line":28,"column":3}},"8":{"start":{"line":26,"column":4},"end":{"line":27,"column":76}},"9":{"start":{"line":30,"column":2},"end":{"line":33,"column":3}},"10":{"start":{"line":31,"column":4},"end":{"line":32,"column":76}},"11":{"start":{"line":35,"column":2},"end":{"line":38,"column":3}},"12":{"start":{"line":36,"column":4},"end":{"line":37,"column":65}},"13":{"start":{"line":40,"column":2},"end":{"line":42,"column":3}},"14":{"start":{"line":41,"column":4},"end":{"line":41,"column":52}},"15":{"start":{"line":44,"column":2},"end":{"line":44,"column":16}},"16":{"start":{"line":54,"column":44},"end":{"line":54,"column":46}},"17":{"start":{"line":56,"column":2},"end":{"line":59,"column":3}},"18":{"start":{"line":57,"column":4},"end":{"line":58,"column":69}},"19":{"start":{"line":61,"column":2},"end":{"line":61,"column":16}},"20":{"start":{"line":71,"column":44},"end":{"line":71,"column":46}},"21":{"start":{"line":73,"column":2},"end":{"line":75,"column":3}},"22":{"start":{"line":74,"column":4},"end":{"line":74,"column":58}},"23":{"start":{"line":77,"column":2},"end":{"line":83,"column":3}},"24":{"start":{"line":78,"column":4},"end":{"line":78,"column":59}},"25":{"start":{"line":80,"column":4},"end":{"line":82,"column":5}},"26":{"start":{"line":81,"column":6},"end":{"line":81,"column":76}},"27":{"start":{"line":85,"column":2},"end":{"line":87,"column":3}},"28":{"start":{"line":86,"column":4},"end":{"line":86,"column":62}},"29":{"start":{"line":89,"column":2},"end":{"line":89,"column":16}},"30":{"start":{"line":99,"column":21},"end":{"line":99,"column":49}},"31":{"start":{"line":100,"column":2},"end":{"line":100,"column":32}},"32":{"start":{"line":110,"column":24},"end":{"line":110,"column":64}},"33":{"start":{"line":111,"column":2},"end":{"line":111,"column":38}},"34":{"start":{"line":121,"column":20},"end":{"line":121,"column":38}},"35":{"start":{"line":122,"column":2},"end":{"line":122,"column":30}},"36":{"start":{"line":132,"column":2},"end":{"line":132,"column":27}},"37":{"start":{"line":142,"column":24},"end":{"line":142,"column":43}},"38":{"start":{"line":143,"column":2},"end":{"line":143,"column":38}}},"fnMap":{"0":{"name":"signUpValidation","decl":{"start":{"line":9,"column":16},"end":{"line":9,"column":32}},"loc":{"start":{"line":9,"column":76},"end":{"line":45,"column":1}},"line":9},"1":{"name":"signInValidation","decl":{"start":{"line":53,"column":16},"end":{"line":53,"column":32}},"loc":{"start":{"line":53,"column":76},"end":{"line":62,"column":1}},"line":53},"2":{"name":"postValidation","decl":{"start":{"line":70,"column":16},"end":{"line":70,"column":30}},"loc":{"start":{"line":70,"column":74},"end":{"line":90,"column":1}},"line":70},"3":{"name":"validateEmail","decl":{"start":{"line":98,"column":9},"end":{"line":98,"column":22}},"loc":{"start":{"line":98,"column":47},"end":{"line":101,"column":1}},"line":98},"4":{"name":"validatePassword","decl":{"start":{"line":109,"column":9},"end":{"line":109,"column":25}},"loc":{"start":{"line":109,"column":53},"end":{"line":112,"column":1}},"line":109},"5":{"name":"validateText","decl":{"start":{"line":120,"column":9},"end":{"line":120,"column":21}},"loc":{"start":{"line":120,"column":45},"end":{"line":123,"column":1}},"line":120},"6":{"name":"validateBio","decl":{"start":{"line":131,"column":9},"end":{"line":131,"column":20}},"loc":{"start":{"line":131,"column":43},"end":{"line":133,"column":1}},"line":131},"7":{"name":"validateLocation","decl":{"start":{"line":141,"column":9},"end":{"line":141,"column":25}},"loc":{"start":{"line":141,"column":53},"end":{"line":144,"column":1}},"line":141}},"branchMap":{"0":{"loc":{"start":{"line":12,"column":2},"end":{"line":15,"column":3}},"type":"if","locations":[{"start":{"line":12,"column":2},"end":{"line":15,"column":3}},{"start":{},"end":{}}],"line":12},"1":{"loc":{"start":{"line":17,"column":2},"end":{"line":23,"column":3}},"type":"if","locations":[{"start":{"line":17,"column":2},"end":{"line":23,"column":3}},{"start":{"line":19,"column":9},"end":{"line":23,"column":3}}],"line":17},"2":{"loc":{"start":{"line":20,"column":4},"end":{"line":22,"column":5}},"type":"if","locations":[{"start":{"line":20,"column":4},"end":{"line":22,"column":5}},{"start":{},"end":{}}],"line":20},"3":{"loc":{"start":{"line":25,"column":2},"end":{"line":28,"column":3}},"type":"if","locations":[{"start":{"line":25,"column":2},"end":{"line":28,"column":3}},{"start":{},"end":{}}],"line":25},"4":{"loc":{"start":{"line":30,"column":2},"end":{"line":33,"column":3}},"type":"if","locations":[{"start":{"line":30,"column":2},"end":{"line":33,"column":3}},{"start":{},"end":{}}],"line":30},"5":{"loc":{"start":{"line":35,"column":2},"end":{"line":38,"column":3}},"type":"if","locations":[{"start":{"line":35,"column":2},"end":{"line":38,"column":3}},{"start":{},"end":{}}],"line":35},"6":{"loc":{"start":{"line":40,"column":2},"end":{"line":42,"column":3}},"type":"if","locations":[{"start":{"line":40,"column":2},"end":{"line":42,"column":3}},{"start":{},"end":{}}],"line":40},"7":{"loc":{"start":{"line":56,"column":2},"end":{"line":59,"column":3}},"type":"if","locations":[{"start":{"line":56,"column":2},"end":{"line":59,"column":3}},{"start":{},"end":{}}],"line":56},"8":{"loc":{"start":{"line":73,"column":2},"end":{"line":75,"column":3}},"type":"if","locations":[{"start":{"line":73,"column":2},"end":{"line":75,"column":3}},{"start":{},"end":{}}],"line":73},"9":{"loc":{"start":{"line":77,"column":2},"end":{"line":83,"column":3}},"type":"if","locations":[{"start":{"line":77,"column":2},"end":{"line":83,"column":3}},{"start":{"line":79,"column":9},"end":{"line":83,"column":3}}],"line":77},"10":{"loc":{"start":{"line":80,"column":4},"end":{"line":82,"column":5}},"type":"if","locations":[{"start":{"line":80,"column":4},"end":{"line":82,"column":5}},{"start":{},"end":{}}],"line":80},"11":{"loc":{"start":{"line":85,"column":2},"end":{"line":87,"column":3}},"type":"if","locations":[{"start":{"line":85,"column":2},"end":{"line":87,"column":3}},{"start":{},"end":{}}],"line":85}},"s":{"0":2,"1":2,"2":1,"3":2,"4":1,"5":1,"6":0,"7":2,"8":1,"9":2,"10":1,"11":2,"12":1,"13":2,"14":0,"15":2,"16":3,"17":3,"18":2,"19":3,"20":4,"21":4,"22":2,"23":4,"24":2,"25":2,"26":0,"27":4,"28":2,"29":4,"30":5,"31":5,"32":1,"33":1,"34":6,"35":6,"36":2,"37":2,"38":2},"f":{"0":2,"1":3,"2":4,"3":5,"4":1,"5":6,"6":2,"7":2},"b":{"0":[1,1],"1":[1,1],"2":[0,1],"3":[1,1],"4":[1,1],"5":[1,1],"6":[0,2],"7":[2,1],"8":[2,2],"9":[2,2],"10":[0,2],"11":[2,2]},"_coverageSchema":"1a1c01bbd47fc00a2c39e90264f33305004495a9","hash":"08719fefea4be89bdf0e5780a64c27b668040b48"}
}
