TN:
SF:src\components\index.ts
FNF:0
FNH:0
LF:0
LH:0
BRF:0
BRH:0
end_of_record
TN:
SF:src\components\AuthForm\AuthForm.tsx
FN:25,(anonymous_0)
FN:69,(anonymous_1)
FNF:2
FNH:2
FNDA:12,(anonymous_0)
FNDA:5,(anonymous_1)
DA:25,5
DA:30,12
DA:36,12
DA:37,12
DA:45,12
DA:53,12
DA:61,12
DA:69,12
DA:70,5
DA:71,5
DA:72,5
DA:75,5
DA:76,3
DA:78,2
DA:81,5
DA:82,2
DA:83,2
DA:84,1
DA:86,1
DA:89,3
DA:93,12
LF:21
LH:21
BRDA:75,0,0,3
BRDA:75,0,1,2
BRDA:81,1,0,2
BRDA:81,1,1,3
BRDA:83,2,0,1
BRDA:83,2,1,1
BRDA:96,3,0,7
BRDA:96,3,1,5
BRDA:101,4,0,12
BRDA:101,4,1,9
BRDA:107,5,0,12
BRDA:107,5,1,11
BRDA:109,6,0,12
BRDA:109,6,1,5
BRDA:115,7,0,5
BRDA:115,7,1,4
BRDA:121,8,0,5
BRDA:121,8,1,4
BRDA:127,9,0,5
BRDA:127,9,1,4
BRDA:135,10,0,5
BRDA:135,10,1,5
BRDA:140,11,0,7
BRDA:140,11,1,5
BRDA:141,12,0,7
BRDA:141,12,1,5
BRDA:144,13,0,0
BRDA:144,13,1,12
BRDA:146,14,0,7
BRDA:146,14,1,5
BRDA:152,15,0,12
BRDA:152,15,1,12
BRDA:152,15,2,0
BRDA:155,16,0,0
BRDA:155,16,1,0
BRDA:160,17,0,12
BRDA:160,17,1,2
BRDA:162,18,0,2
BRDA:162,18,1,0
BRDA:166,19,0,12
BRDA:166,19,1,2
BRDA:168,20,0,2
BRDA:168,20,1,0
BRF:43
BRH:37
end_of_record
TN:
SF:src\components\AuthForm\index.ts
FNF:0
FNH:0
LF:0
LH:0
BRF:0
BRH:0
end_of_record
TN:
SF:src\components\ErrorBlock\ErrorBlock.tsx
FN:16,(anonymous_0)
FNF:1
FNH:1
FNDA:6,(anonymous_0)
DA:16,6
DA:17,6
LF:2
LH:2
BRF:0
BRH:0
end_of_record
TN:
SF:src\components\ErrorBlock\index.ts
FNF:0
FNH:0
LF:0
LH:0
BRF:0
BRH:0
end_of_record
TN:
SF:src\components\GetStarted\GetStarted.tsx
FN:16,(anonymous_0)
FN:21,(anonymous_1)
FNF:2
FNH:2
FNDA:2,(anonymous_0)
FNDA:4,(anonymous_1)
DA:16,5
DA:21,4
DA:23,2
LF:3
LH:3
BRDA:25,0,0,1
BRDA:25,0,1,1
BRF:2
BRH:2
end_of_record
TN:
SF:src\components\GetStarted\index.ts
FNF:0
FNH:0
LF:0
LH:0
BRF:0
BRH:0
end_of_record
TN:
SF:src\components\Input\Input.tsx
FN:20,(anonymous_0)
FNF:1
FNH:1
FNDA:47,(anonymous_0)
DA:20,6
DA:26,47
DA:30,47
LF:3
LH:3
BRDA:26,0,0,6
BRDA:26,0,1,41
BRDA:34,1,0,47
BRDA:34,1,1,8
BRF:4
BRH:4
end_of_record
TN:
SF:src\components\Input\index.ts
FNF:0
FNH:0
LF:0
LH:0
BRF:0
BRH:0
end_of_record
TN:
SF:src\components\LoadingIndicator\LoadingIndicator.tsx
FN:11,(anonymous_0)
FNF:1
FNH:1
FNDA:4,(anonymous_0)
DA:11,6
DA:12,4
LF:2
LH:2
BRF:0
BRH:0
end_of_record
TN:
SF:src\components\LoadingIndicator\index.ts
FNF:0
FNH:0
LF:0
LH:0
BRF:0
BRH:0
end_of_record
TN:
SF:src\components\MainNav\MainNav.tsx
FN:19,(anonymous_0)
FN:48,(anonymous_1)
FN:54,(anonymous_2)
FN:64,(anonymous_3)
FN:74,handleToggleNav
FN:75,(anonymous_5)
FN:85,handleLogout
FN:115,(anonymous_7)
FN:125,(anonymous_8)
FN:135,(anonymous_9)
FN:146,(anonymous_10)
FNF:11
FNH:10
FNDA:8,(anonymous_0)
FNDA:14,(anonymous_1)
FNDA:6,(anonymous_2)
FNDA:0,(anonymous_3)
FNDA:1,handleToggleNav
FNDA:1,(anonymous_5)
FNDA:1,handleLogout
FNDA:6,(anonymous_7)
FNDA:6,(anonymous_8)
FNDA:6,(anonymous_9)
FNDA:3,(anonymous_10)
DA:19,5
DA:24,8
DA:30,8
DA:36,8
DA:42,8
DA:48,14
DA:54,8
DA:55,6
DA:64,8
DA:65,0
DA:66,0
DA:75,1
DA:86,1
DA:87,1
DA:90,8
DA:91,1
DA:101,7
DA:116,6
DA:126,6
DA:136,6
DA:147,3
LF:21
LH:19
BRDA:90,0,0,1
BRDA:90,0,1,7
BRDA:94,1,0,1
BRDA:94,1,1,0
BRDA:111,2,0,2
BRDA:111,2,1,5
BRDA:116,3,0,6
BRDA:116,3,1,0
BRDA:126,4,0,0
BRDA:126,4,1,6
BRDA:136,5,0,0
BRDA:136,5,1,6
BRDA:142,6,0,7
BRDA:142,6,1,4
BRDA:147,7,0,0
BRDA:147,7,1,3
BRDA:154,8,0,7
BRDA:154,8,1,3
BRF:18
BRH:13
end_of_record
TN:
SF:src\components\MainNav\index.ts
FNF:0
FNH:0
LF:0
LH:0
BRF:0
BRH:0
end_of_record
TN:
SF:src\components\PostForm\PostForm.tsx
FN:19,(anonymous_0)
FN:33,(anonymous_1)
FN:75,handleSubmitPost
FN:100,cancelHandler
FN:108,(anonymous_4)
FNF:5
FNH:4
FNDA:9,(anonymous_0)
FNDA:14,(anonymous_1)
FNDA:4,handleSubmitPost
FNDA:0,cancelHandler
FNDA:4,(anonymous_4)
DA:19,5
DA:27,9
DA:33,14
DA:34,9
DA:40,9
DA:41,9
DA:47,9
DA:53,9
DA:54,9
DA:60,9
DA:66,9
DA:79,4
DA:80,4
DA:81,4
DA:82,4
DA:83,4
DA:84,2
DA:85,2
DA:86,1
DA:87,1
DA:88,1
DA:91,2
DA:101,0
DA:104,9
DA:108,4
LF:25
LH:24
BRDA:83,0,0,2
BRDA:83,0,1,2
BRDA:85,1,0,1
BRDA:85,1,1,1
BRDA:85,2,0,2
BRDA:85,2,1,1
BRDA:87,3,0,1
BRDA:87,3,1,0
BRDA:87,4,0,1
BRDA:87,4,1,1
BRDA:117,5,0,2
BRDA:117,5,1,7
BRDA:121,6,0,9
BRDA:121,6,1,2
BRDA:130,7,0,2
BRDA:130,7,1,7
BRDA:135,8,0,9
BRDA:135,8,1,2
BRDA:146,9,0,7
BRDA:146,9,1,2
BRDA:146,10,0,2
BRDA:146,10,1,0
BRDA:158,11,0,2
BRDA:158,11,1,7
BRDA:162,12,0,9
BRDA:162,12,1,2
BRDA:168,13,0,7
BRDA:168,13,1,2
BRDA:180,14,0,9
BRDA:180,14,1,9
BRDA:180,14,2,0
BRDA:183,15,0,0
BRDA:183,15,1,0
BRDA:189,16,0,9
BRDA:189,16,1,2
BRDA:193,17,0,2
BRDA:193,17,1,0
BRDA:198,18,0,9
BRDA:198,18,1,0
BRDA:201,19,0,0
BRDA:201,19,1,0
BRF:41
BRH:32
end_of_record
TN:
SF:src\components\PostForm\index.ts
FNF:0
FNH:0
LF:0
LH:0
BRF:0
BRH:0
end_of_record
TN:
SF:src\components\PostsList\PostsList.tsx
FN:17,(anonymous_0)
FN:25,(anonymous_1)
FN:26,(anonymous_2)
FN:42,handleDeletePost
FN:56,(anonymous_4)
FN:77,(anonymous_5)
FNF:6
FNH:6
FNDA:4,(anonymous_0)
FNDA:8,(anonymous_1)
FNDA:8,(anonymous_2)
FNDA:1,handleDeletePost
FNDA:3,(anonymous_4)
FNDA:1,(anonymous_5)
DA:17,6
DA:25,8
DA:26,8
DA:34,4
DA:43,1
DA:44,1
DA:47,1
DA:48,1
DA:52,4
DA:57,3
DA:77,1
LF:11
LH:11
BRDA:47,0,0,1
BRDA:47,0,1,0
BRDA:47,1,0,1
BRDA:47,1,1,1
BRDA:54,2,0,3
BRDA:54,2,1,1
BRDA:54,3,0,4
BRDA:54,3,1,4
BRDA:67,4,0,3
BRDA:67,4,1,3
BRDA:67,4,2,2
BRF:11
BRH:10
end_of_record
TN:
SF:src\components\PostsList\index.ts
FNF:0
FNH:0
LF:0
LH:0
BRF:0
BRH:0
end_of_record
TN:
SF:src\components\PostsNav\PostsNav.tsx
FN:13,(anonymous_0)
FN:21,(anonymous_1)
FN:32,(anonymous_2)
FNF:3
FNH:3
FNDA:6,(anonymous_0)
FNDA:6,(anonymous_1)
FNDA:6,(anonymous_2)
DA:13,6
DA:14,6
DA:22,6
DA:33,6
LF:4
LH:4
BRDA:22,0,0,5
BRDA:22,0,1,1
BRDA:33,1,0,1
BRDA:33,1,1,5
BRF:4
BRH:4
end_of_record
TN:
SF:src\components\PostsNav\index.ts
FNF:0
FNH:0
LF:0
LH:0
BRF:0
BRH:0
end_of_record
TN:
SF:src\components\ProfileInfo\ProfileInfo.tsx
FN:15,(anonymous_0)
FN:21,(anonymous_1)
FNF:2
FNH:2
FNDA:3,(anonymous_0)
FNDA:6,(anonymous_1)
DA:15,5
DA:21,6
DA:26,3
DA:34,3
DA:35,1
DA:39,3
DA:40,1
DA:51,3
DA:52,1
DA:73,3
LF:10
LH:10
BRDA:27,0,0,3
BRDA:27,0,1,0
BRDA:34,1,0,1
BRDA:34,1,1,2
BRDA:39,2,0,1
BRDA:39,2,1,2
BRDA:43,3,0,1
BRDA:43,3,1,0
BRDA:51,4,0,1
BRDA:51,4,1,2
BRF:10
BRH:8
end_of_record
TN:
SF:src\components\ProfileInfo\index.ts
FNF:0
FNH:0
LF:0
LH:0
BRF:0
BRH:0
end_of_record
TN:
SF:src\firebase\auth.ts
FN:16,getAuthToken
FN:29,(anonymous_1)
FN:41,(anonymous_2)
FN:52,(anonymous_3)
FNF:4
FNH:4
FNDA:2,getAuthToken
FNDA:1,(anonymous_1)
FNDA:1,(anonymous_2)
FNDA:1,(anonymous_3)
DA:17,2
DA:18,2
DA:29,7
DA:30,1
DA:41,7
DA:42,1
DA:52,7
DA:53,1
LF:8
LH:8
BRDA:18,0,0,1
BRDA:18,0,1,1
BRF:2
BRH:2
end_of_record
TN:
SF:src\firebase\firebase.ts
FNF:0
FNH:0
DA:11,6
DA:28,6
DA:36,6
LF:3
LH:3
BRF:0
BRH:0
end_of_record
TN:
SF:src\firebase\index.ts
FNF:0
FNH:0
LF:0
LH:0
BRF:0
BRH:0
end_of_record
TN:
SF:src\queries\authMutations.ts
FN:16,useLogoutMutation
FN:27,useSignUpMutation
FN:32,(anonymous_2)
FN:47,useSignInMutation
FN:51,(anonymous_4)
FN:61,useStoreUserDataMutation
FN:65,(anonymous_6)
FNF:7
FNH:0
FNDA:0,useLogoutMutation
FNDA:0,useSignUpMutation
FNDA:0,(anonymous_2)
FNDA:0,useSignInMutation
FNDA:0,(anonymous_4)
FNDA:0,useStoreUserDataMutation
FNDA:0,(anonymous_6)
DA:17,0
DA:30,0
DA:33,0
DA:34,0
DA:35,0
DA:37,0
DA:38,0
DA:48,0
DA:49,0
DA:52,0
DA:62,0
DA:63,0
DA:66,0
LF:13
LH:0
BRDA:34,0,0,0
BRDA:34,0,1,0
BRF:2
BRH:0
end_of_record
TN:
SF:src\queries\index.ts
FNF:0
FNH:0
LF:0
LH:0
BRF:0
BRH:0
end_of_record
TN:
SF:src\queries\postMutations.ts
FN:15,useCreateNewPostMutation
FN:19,(anonymous_1)
FN:29,useUpdatePostMutation
FN:37,(anonymous_3)
FN:48,useDeletePostMutation
FN:52,(anonymous_5)
FNF:6
FNH:0
FNDA:0,useCreateNewPostMutation
FNDA:0,(anonymous_1)
FNDA:0,useUpdatePostMutation
FNDA:0,(anonymous_3)
FNDA:0,useDeletePostMutation
FNDA:0,(anonymous_5)
DA:16,0
DA:17,0
DA:20,0
DA:21,0
DA:30,0
DA:31,0
DA:38,0
DA:39,0
DA:49,0
DA:50,0
DA:53,0
DA:54,0
LF:12
LH:0
BRF:0
BRH:0
end_of_record
TN:
SF:src\queries\postQueries.ts
FN:13,useAllPostsQuery
FN:25,useUserPostsQuery
FN:28,(anonymous_2)
FN:36,usePostByPostIdQuery
FN:43,(anonymous_4)
FNF:5
FNH:0
FNDA:0,useAllPostsQuery
FNDA:0,useUserPostsQuery
FNDA:0,(anonymous_2)
FNDA:0,usePostByPostIdQuery
FNDA:0,(anonymous_4)
DA:14,0
DA:26,0
DA:28,0
DA:41,0
DA:44,0
DA:45,0
DA:47,0
LF:7
LH:0
BRDA:44,0,0,0
BRDA:44,0,1,0
BRDA:44,1,0,0
BRDA:44,1,1,0
BRF:4
BRH:0
end_of_record
TN:
SF:src\queries\userQuery.ts
FN:9,useUserProfileQuery
FN:12,(anonymous_1)
FNF:2
FNH:0
FNDA:0,useUserProfileQuery
FNDA:0,(anonymous_1)
DA:10,0
DA:12,0
LF:2
LH:0
BRF:0
BRH:0
end_of_record
TN:
SF:src\store\authSlice.ts
FN:25,(anonymous_0)
FN:40,(anonymous_1)
FN:50,(anonymous_2)
FNF:3
FNH:3
FNDA:1,(anonymous_0)
FNDA:1,(anonymous_1)
FNDA:1,(anonymous_2)
DA:7,6
DA:16,6
DA:32,1
DA:33,1
DA:41,1
DA:42,1
DA:51,1
LF:7
LH:7
BRF:0
BRH:0
end_of_record
TN:
SF:src\store\index.ts
FN:46,(anonymous_0)
FN:47,(anonymous_1)
FNF:2
FNH:0
FNDA:0,(anonymous_0)
FNDA:0,(anonymous_1)
DA:10,5
DA:15,5
DA:26,5
DA:46,5
DA:47,0
DA:48,0
DA:53,0
DA:59,0
DA:60,0
DA:63,0
DA:68,0
DA:69,0
DA:73,0
LF:13
LH:4
BRDA:48,0,0,0
BRDA:48,0,1,0
BRF:2
BRH:0
end_of_record
TN:
SF:src\utils\errorsMessages.ts
FNF:0
FNH:0
DA:1,6
LF:1
LH:1
BRF:0
BRH:0
end_of_record
TN:
SF:src\utils\index.ts
FNF:0
FNH:0
LF:0
LH:0
BRF:0
BRH:0
end_of_record
TN:
SF:src\utils\requests.ts
FN:23,fetchPosts
FN:30,(anonymous_1)
FN:31,(anonymous_2)
FN:48,fetchPostsByUserId
FN:58,(anonymous_4)
FN:72,fetchPostByPostId
FN:91,fetchUserInfo
FN:109,storeUserData
FN:127,createNewPost
FN:145,updatePost
FN:164,deletePost
FNF:11
FNH:11
FNDA:2,fetchPosts
FNDA:1,(anonymous_1)
FNDA:2,(anonymous_2)
FNDA:1,fetchPostsByUserId
FNDA:1,(anonymous_4)
FNDA:1,fetchPostByPostId
FNDA:2,fetchUserInfo
FNDA:1,storeUserData
FNDA:1,createNewPost
FNDA:1,updatePost
FNDA:1,deletePost
DA:16,7
DA:24,2
DA:25,2
DA:26,2
DA:27,2
DA:28,1
DA:29,1
DA:31,2
DA:37,1
DA:39,1
DA:53,1
DA:54,1
DA:55,1
DA:56,1
DA:57,1
DA:58,1
DA:63,0
DA:79,1
DA:80,1
DA:81,1
DA:82,1
DA:96,2
DA:97,2
DA:98,2
DA:99,2
DA:116,1
DA:117,1
DA:118,1
DA:119,1
DA:134,1
DA:135,1
DA:136,1
DA:137,1
DA:154,1
DA:155,1
DA:156,1
DA:171,1
DA:172,1
DA:173,1
LF:39
LH:38
BRDA:27,0,0,1
BRDA:27,0,1,1
BRDA:56,1,0,1
BRDA:56,1,1,0
BRDA:82,2,0,1
BRDA:82,2,1,0
BRDA:99,3,0,1
BRDA:99,3,1,1
BRF:8
BRH:6
end_of_record
TN:
SF:src\utils\types.ts
FNF:0
FNH:0
LF:0
LH:0
BRF:0
BRH:0
end_of_record
TN:
SF:src\utils\validation.ts
FN:9,signUpValidation
FN:53,signInValidation
FN:70,postValidation
FN:98,validateEmail
FN:109,validatePassword
FN:120,validateText
FN:131,validateBio
FN:141,validateLocation
FNF:8
FNH:8
FNDA:2,signUpValidation
FNDA:3,signInValidation
FNDA:4,postValidation
FNDA:5,validateEmail
FNDA:1,validatePassword
FNDA:6,validateText
FNDA:2,validateBio
FNDA:2,validateLocation
DA:10,2
DA:12,2
DA:13,1
DA:17,2
DA:18,1
DA:20,1
DA:21,0
DA:25,2
DA:26,1
DA:30,2
DA:31,1
DA:35,2
DA:36,1
DA:40,2
DA:41,0
DA:44,2
DA:54,3
DA:56,3
DA:57,2
DA:61,3
DA:71,4
DA:73,4
DA:74,2
DA:77,4
DA:78,2
DA:80,2
DA:81,0
DA:85,4
DA:86,2
DA:89,4
DA:99,5
DA:100,5
DA:110,1
DA:111,1
DA:121,6
DA:122,6
DA:132,2
DA:142,2
DA:143,2
LF:39
LH:36
BRDA:12,0,0,1
BRDA:12,0,1,1
BRDA:17,1,0,1
BRDA:17,1,1,1
BRDA:20,2,0,0
BRDA:20,2,1,1
BRDA:25,3,0,1
BRDA:25,3,1,1
BRDA:30,4,0,1
BRDA:30,4,1,1
BRDA:35,5,0,1
BRDA:35,5,1,1
BRDA:40,6,0,0
BRDA:40,6,1,2
BRDA:56,7,0,2
BRDA:56,7,1,1
BRDA:73,8,0,2
BRDA:73,8,1,2
BRDA:77,9,0,2
BRDA:77,9,1,2
BRDA:80,10,0,0
BRDA:80,10,1,2
BRDA:85,11,0,2
BRDA:85,11,1,2
BRF:24
BRH:21
end_of_record
